{"/home/travis/build/npmtest/node-npmtest-sweetalert/test.js":{"path":"/home/travis/build/npmtest/node-npmtest-sweetalert/test.js","s":{"1":2,"2":2,"3":2,"4":2,"5":2,"6":2,"7":2,"8":1,"9":2,"10":2,"11":1,"12":1,"13":1,"14":1,"15":2,"16":2,"17":2,"18":2,"19":1,"20":1,"21":2,"22":2,"23":2,"24":1,"25":1,"26":1,"27":1,"28":1,"29":1,"30":1,"31":1,"32":1,"33":1,"34":1,"35":1,"36":1,"37":2,"38":2,"39":1,"40":2,"41":2,"42":1,"43":2,"44":2,"45":1,"46":2,"47":2,"48":1,"49":1,"50":1,"51":1,"52":1},"b":{"1":[2,1,1,1],"2":[1,1,1,1],"3":[1,1],"4":[1,1],"5":[1,1],"6":[1,1],"7":[1,1],"8":[1,1],"9":[1,1,1],"10":[1,1],"11":[1,1],"12":[1,1],"13":[1,1],"14":[1,1],"15":[1,1],"16":[1,1]},"f":{"1":2,"2":2,"3":2,"4":2,"5":2,"6":1,"7":1,"8":2,"9":2,"10":2,"11":2,"12":1},"fnMap":{"1":{"name":"(anonymous_1)","line":12,"loc":{"start":{"line":12,"column":1},"end":{"line":12,"column":13}}},"2":{"name":"(anonymous_2)","line":19,"loc":{"start":{"line":19,"column":5},"end":{"line":19,"column":17}}},"3":{"name":"(anonymous_3)","line":23,"loc":{"start":{"line":23,"column":24},"end":{"line":23,"column":36}}},"4":{"name":"(anonymous_4)","line":61,"loc":{"start":{"line":61,"column":5},"end":{"line":61,"column":17}}},"5":{"name":"(anonymous_5)","line":82,"loc":{"start":{"line":82,"column":5},"end":{"line":82,"column":17}}},"6":{"name":"(anonymous_6)","line":102,"loc":{"start":{"line":102,"column":83},"end":{"line":105,"column":10}},"skip":true},"7":{"name":"(anonymous_7)","line":113,"loc":{"start":{"line":113,"column":77},"end":{"line":116,"column":10}},"skip":true},"8":{"name":"(anonymous_8)","line":129,"loc":{"start":{"line":129,"column":12},"end":{"line":129,"column":40}},"skip":true},"9":{"name":"(anonymous_9)","line":137,"loc":{"start":{"line":137,"column":77},"end":{"line":140,"column":10}},"skip":true},"10":{"name":"(anonymous_10)","line":148,"loc":{"start":{"line":148,"column":83},"end":{"line":151,"column":10}},"skip":true},"11":{"name":"(anonymous_11)","line":159,"loc":{"start":{"line":159,"column":79},"end":{"line":162,"column":10}},"skip":true},"12":{"name":"(anonymous_12)","line":170,"loc":{"start":{"line":170,"column":75},"end":{"line":173,"column":10}},"skip":true}},"statementMap":{"1":{"start":{"line":12,"column":0},"end":{"line":185,"column":5}},"2":{"start":{"line":14,"column":4},"end":{"line":14,"column":14}},"3":{"start":{"line":19,"column":4},"end":{"line":56,"column":9}},"4":{"start":{"line":21,"column":8},"end":{"line":21,"column":19}},"5":{"start":{"line":23,"column":8},"end":{"line":35,"column":13}},"6":{"start":{"line":24,"column":12},"end":{"line":34,"column":13}},"7":{"start":{"line":25,"column":16},"end":{"line":28,"column":30}},"8":{"start":{"line":30,"column":16},"end":{"line":33,"column":27}},"9":{"start":{"line":37,"column":8},"end":{"line":39,"column":21}},"10":{"start":{"line":40,"column":8},"end":{"line":53,"column":9}},"11":{"start":{"line":43,"column":12},"end":{"line":46,"column":14}},"12":{"start":{"line":47,"column":12},"end":{"line":47,"column":18}},"13":{"start":{"line":50,"column":12},"end":{"line":51,"column":46}},"14":{"start":{"line":52,"column":12},"end":{"line":52,"column":18}},"15":{"start":{"line":55,"column":8},"end":{"line":55,"column":35}},"16":{"start":{"line":61,"column":4},"end":{"line":63,"column":9}},"17":{"start":{"line":62,"column":8},"end":{"line":62,"column":15}},"18":{"start":{"line":64,"column":4},"end":{"line":77,"column":5}},"19":{"start":{"line":70,"column":8},"end":{"line":70,"column":14}},"20":{"start":{"line":76,"column":8},"end":{"line":76,"column":14}},"21":{"start":{"line":82,"column":4},"end":{"line":84,"column":9}},"22":{"start":{"line":83,"column":8},"end":{"line":83,"column":15}},"23":{"start":{"line":85,"column":4},"end":{"line":184,"column":5}},"24":{"start":{"line":92,"column":8},"end":{"line":94,"column":63}},"25":{"start":{"line":95,"column":8},"end":{"line":95,"column":14}},"26":{"start":{"line":102,"column":8},"end":{"line":111,"column":10},"skip":true},"27":{"start":{"line":109,"column":12},"end":{"line":109,"column":55},"skip":true},"28":{"start":{"line":110,"column":12},"end":{"line":110,"column":48},"skip":true},"29":{"start":{"line":113,"column":8},"end":{"line":126,"column":10},"skip":true},"30":{"start":{"line":120,"column":12},"end":{"line":120,"column":76},"skip":true},"31":{"start":{"line":121,"column":12},"end":{"line":121,"column":73},"skip":true},"32":{"start":{"line":122,"column":12},"end":{"line":122,"column":74},"skip":true},"33":{"start":{"line":123,"column":12},"end":{"line":123,"column":79},"skip":true},"34":{"start":{"line":124,"column":12},"end":{"line":124,"column":25},"skip":true},"35":{"start":{"line":125,"column":12},"end":{"line":125,"column":45},"skip":true},"36":{"start":{"line":128,"column":8},"end":{"line":135,"column":14},"skip":true},"37":{"start":{"line":133,"column":16},"end":{"line":133,"column":29},"skip":true},"38":{"start":{"line":134,"column":16},"end":{"line":134,"column":55},"skip":true},"39":{"start":{"line":137,"column":8},"end":{"line":146,"column":10},"skip":true},"40":{"start":{"line":144,"column":12},"end":{"line":144,"column":25},"skip":true},"41":{"start":{"line":145,"column":12},"end":{"line":145,"column":45},"skip":true},"42":{"start":{"line":148,"column":8},"end":{"line":157,"column":10},"skip":true},"43":{"start":{"line":155,"column":12},"end":{"line":155,"column":25},"skip":true},"44":{"start":{"line":156,"column":12},"end":{"line":156,"column":48},"skip":true},"45":{"start":{"line":159,"column":8},"end":{"line":168,"column":10},"skip":true},"46":{"start":{"line":166,"column":12},"end":{"line":166,"column":25},"skip":true},"47":{"start":{"line":167,"column":12},"end":{"line":167,"column":46},"skip":true},"48":{"start":{"line":170,"column":8},"end":{"line":179,"column":10},"skip":true},"49":{"start":{"line":177,"column":12},"end":{"line":177,"column":94},"skip":true},"50":{"start":{"line":178,"column":12},"end":{"line":178,"column":48},"skip":true},"51":{"start":{"line":182,"column":8},"end":{"line":182,"column":35},"skip":true},"52":{"start":{"line":183,"column":8},"end":{"line":183,"column":14},"skip":true}},"branchMap":{"1":{"line":25,"type":"binary-expr","locations":[{"start":{"line":25,"column":23},"end":{"line":25,"column":62}},{"start":{"line":26,"column":20},"end":{"line":26,"column":70}},{"start":{"line":27,"column":20},"end":{"line":27,"column":71}},{"start":{"line":28,"column":20},"end":{"line":28,"column":29}}]},"2":{"line":30,"type":"binary-expr","locations":[{"start":{"line":30,"column":23},"end":{"line":30,"column":37}},{"start":{"line":31,"column":20},"end":{"line":31,"column":61}},{"start":{"line":32,"column":20},"end":{"line":32,"column":70}},{"start":{"line":33,"column":20},"end":{"line":33,"column":26}}]},"3":{"line":37,"type":"cond-expr","locations":[{"start":{"line":38,"column":14},"end":{"line":38,"column":20}},{"start":{"line":39,"column":14},"end":{"line":39,"column":20}}]},"4":{"line":40,"type":"switch","locations":[{"start":{"line":42,"column":8},"end":{"line":47,"column":18}},{"start":{"line":49,"column":8},"end":{"line":52,"column":18}}]},"5":{"line":44,"type":"binary-expr","locations":[{"start":{"line":44,"column":16},"end":{"line":44,"column":44}},{"start":{"line":44,"column":48},"end":{"line":44,"column":66}}]},"6":{"line":50,"type":"binary-expr","locations":[{"start":{"line":50,"column":21},"end":{"line":50,"column":49}},{"start":{"line":50,"column":53},"end":{"line":50,"column":72}}]},"7":{"line":64,"type":"switch","locations":[{"start":{"line":69,"column":4},"end":{"line":70,"column":14}},{"start":{"line":75,"column":4},"end":{"line":76,"column":14}}]},"8":{"line":85,"type":"switch","locations":[{"start":{"line":90,"column":4},"end":{"line":95,"column":14}},{"start":{"line":101,"column":4},"end":{"line":183,"column":14},"skip":true}]},"9":{"line":92,"type":"binary-expr","locations":[{"start":{"line":92,"column":18},"end":{"line":92,"column":32}},{"start":{"line":93,"column":12},"end":{"line":93,"column":53}},{"start":{"line":94,"column":12},"end":{"line":94,"column":61}}]},"10":{"line":102,"type":"binary-expr","locations":[{"start":{"line":102,"column":45},"end":{"line":102,"column":79},"skip":true},{"start":{"line":102,"column":83},"end":{"line":111,"column":9},"skip":true}]},"11":{"line":113,"type":"binary-expr","locations":[{"start":{"line":113,"column":42},"end":{"line":113,"column":73},"skip":true},{"start":{"line":113,"column":77},"end":{"line":126,"column":9},"skip":true}]},"12":{"line":128,"type":"binary-expr","locations":[{"start":{"line":128,"column":48},"end":{"line":128,"column":85},"skip":true},{"start":{"line":129,"column":12},"end":{"line":135,"column":13},"skip":true}]},"13":{"line":137,"type":"binary-expr","locations":[{"start":{"line":137,"column":42},"end":{"line":137,"column":73},"skip":true},{"start":{"line":137,"column":77},"end":{"line":146,"column":9},"skip":true}]},"14":{"line":148,"type":"binary-expr","locations":[{"start":{"line":148,"column":45},"end":{"line":148,"column":79},"skip":true},{"start":{"line":148,"column":83},"end":{"line":157,"column":9},"skip":true}]},"15":{"line":159,"type":"binary-expr","locations":[{"start":{"line":159,"column":43},"end":{"line":159,"column":75},"skip":true},{"start":{"line":159,"column":79},"end":{"line":168,"column":9},"skip":true}]},"16":{"line":170,"type":"binary-expr","locations":[{"start":{"line":170,"column":41},"end":{"line":170,"column":71},"skip":true},{"start":{"line":170,"column":75},"end":{"line":179,"column":9},"skip":true}]}},"code":["/* istanbul instrument in package npmtest_sweetalert */","/*jslint","    bitwise: true,","    browser: true,","    maxerr: 8,","    maxlen: 96,","    node: true,","    nomen: true,","    regexp: true,","    stupid: true","*/","(function () {","    'use strict';","    var local;","","","","    // run shared js-env code - pre-init","    (function () {","        // init local","        local = {};","        // init modeJs","        local.modeJs = (function () {","            try {","                return typeof navigator.userAgent === 'string' &&","                    typeof document.querySelector('body') === 'object' &&","                    typeof XMLHttpRequest.prototype.open === 'function' &&","                    'browser';","            } catch (errorCaughtBrowser) {","                return module.exports &&","                    typeof process.versions.node === 'string' &&","                    typeof require('http').createServer === 'function' &&","                    'node';","            }","        }());","        // init global","        local.global = local.modeJs === 'browser'","            ? window","            : global;","        switch (local.modeJs) {","        // re-init local from window.local","        case 'browser':","            local = local.global.utility2.objectSetDefault(","                local.global.utility2_rollup || local.global.local,","                local.global.utility2","            );","            break;","        // re-init local from example.js","        case 'node':","            local = (local.global.utility2_rollup || require('utility2'))","                .requireExampleJsFromReadme();","            break;","        }","        // export local","        local.global.local = local;","    }());","","","","    // run shared js-env code - function","    (function () {","        return;","    }());","    switch (local.modeJs) {","","","","    // run browser js-env code - function","    case 'browser':","        break;","","","","    // run node js-env code - function","    case 'node':","        break;","    }","","","","    // run shared js-env code - post-init","    (function () {","        return;","    }());","    switch (local.modeJs) {","","","","    // run browser js-env code - post-init","    case 'browser':","        // run tests","        local.nop(local.modeTest &&","            document.querySelector('#testRunButton1') &&","            document.querySelector('#testRunButton1').click());","        break;","","","","    // run node js-env code - post-init","    /* istanbul ignore next */","    case 'node':","        local.testCase_buildApidoc_default = local.testCase_buildApidoc_default || function (","            options,","            onError","        ) {","        /*","         * this function will test buildApidoc's default handling-behavior-behavior","         */","            options = { modulePathList: module.paths };","            local.buildApidoc(options, onError);","        };","","        local.testCase_buildApp_default = local.testCase_buildApp_default || function (","            options,","            onError","        ) {","        /*","         * this function will test buildApp's default handling-behavior-behavior","         */","            local.testCase_buildReadme_default(options, local.onErrorThrow);","            local.testCase_buildLib_default(options, local.onErrorThrow);","            local.testCase_buildTest_default(options, local.onErrorThrow);","            local.testCase_buildCustomOrg_default(options, local.onErrorThrow);","            options = [];","            local.buildApp(options, onError);","        };","","        local.testCase_buildCustomOrg_default = local.testCase_buildCustomOrg_default ||","            function (options, onError) {","            /*","             * this function will test buildCustomOrg's default handling-behavior","             */","                options = {};","                local.buildCustomOrg(options, onError);","            };","","        local.testCase_buildLib_default = local.testCase_buildLib_default || function (","            options,","            onError","        ) {","        /*","         * this function will test buildLib's default handling-behavior","         */","            options = {};","            local.buildLib(options, onError);","        };","","        local.testCase_buildReadme_default = local.testCase_buildReadme_default || function (","            options,","            onError","        ) {","        /*","         * this function will test buildReadme's default handling-behavior-behavior","         */","            options = {};","            local.buildReadme(options, onError);","        };","","        local.testCase_buildTest_default = local.testCase_buildTest_default || function (","            options,","            onError","        ) {","        /*","         * this function will test buildTest's default handling-behavior","         */","            options = {};","            local.buildTest(options, onError);","        };","","        local.testCase_webpage_default = local.testCase_webpage_default || function (","            options,","            onError","        ) {","        /*","         * this function will test webpage's default handling-behavior","         */","            options = { modeCoverageMerge: true, url: local.serverLocalHost + '?modeTest=1' };","            local.browserTest(options, onError);","        };","","        // run test-server","        local.testRunServer(local);","        break;","    }","}());",""],"l":{"12":2,"14":2,"19":2,"21":2,"23":2,"24":2,"25":2,"30":1,"37":2,"40":2,"43":1,"47":1,"50":1,"52":1,"55":2,"61":2,"62":2,"64":2,"70":1,"76":1,"82":2,"83":2,"85":2,"92":1,"95":1,"102":1,"109":1,"110":1,"113":1,"120":1,"121":1,"122":1,"123":1,"124":1,"125":1,"128":1,"133":2,"134":2,"137":1,"144":2,"145":2,"148":1,"155":2,"156":2,"159":1,"166":2,"167":2,"170":1,"177":1,"178":1,"182":1,"183":1}},"/home/travis/build/npmtest/node-npmtest-sweetalert/lib.npmtest_sweetalert.js":{"path":"/home/travis/build/npmtest/node-npmtest-sweetalert/lib.npmtest_sweetalert.js","s":{"1":2,"2":2,"3":2,"4":2,"5":2,"6":2,"7":2,"8":1,"9":2,"10":2,"11":2,"12":2,"13":1,"14":1,"15":1,"16":1},"b":{"1":[2,1,1,1],"2":[1,1,1,1],"3":[1,1],"4":[2,2],"5":[1,1]},"f":{"1":2,"2":2,"3":2},"fnMap":{"1":{"name":"(anonymous_1)","line":12,"loc":{"start":{"line":12,"column":1},"end":{"line":12,"column":13}}},"2":{"name":"(anonymous_2)","line":19,"loc":{"start":{"line":19,"column":5},"end":{"line":19,"column":17}}},"3":{"name":"(anonymous_3)","line":23,"loc":{"start":{"line":23,"column":24},"end":{"line":23,"column":36}}}},"statementMap":{"1":{"start":{"line":12,"column":0},"end":{"line":53,"column":5}},"2":{"start":{"line":14,"column":4},"end":{"line":14,"column":14}},"3":{"start":{"line":19,"column":4},"end":{"line":52,"column":9}},"4":{"start":{"line":21,"column":8},"end":{"line":21,"column":19}},"5":{"start":{"line":23,"column":8},"end":{"line":35,"column":13}},"6":{"start":{"line":24,"column":12},"end":{"line":34,"column":13}},"7":{"start":{"line":25,"column":16},"end":{"line":28,"column":30}},"8":{"start":{"line":30,"column":16},"end":{"line":33,"column":27}},"9":{"start":{"line":37,"column":8},"end":{"line":39,"column":21}},"10":{"start":{"line":41,"column":8},"end":{"line":41,"column":54}},"11":{"start":{"line":43,"column":8},"end":{"line":43,"column":55}},"12":{"start":{"line":45,"column":8},"end":{"line":51,"column":9}},"13":{"start":{"line":46,"column":12},"end":{"line":46,"column":61}},"14":{"start":{"line":48,"column":12},"end":{"line":48,"column":35}},"15":{"start":{"line":49,"column":12},"end":{"line":49,"column":49}},"16":{"start":{"line":50,"column":12},"end":{"line":50,"column":43}}},"branchMap":{"1":{"line":25,"type":"binary-expr","locations":[{"start":{"line":25,"column":23},"end":{"line":25,"column":62}},{"start":{"line":26,"column":20},"end":{"line":26,"column":70}},{"start":{"line":27,"column":20},"end":{"line":27,"column":71}},{"start":{"line":28,"column":20},"end":{"line":28,"column":29}}]},"2":{"line":30,"type":"binary-expr","locations":[{"start":{"line":30,"column":23},"end":{"line":30,"column":37}},{"start":{"line":31,"column":20},"end":{"line":31,"column":61}},{"start":{"line":32,"column":20},"end":{"line":32,"column":70}},{"start":{"line":33,"column":20},"end":{"line":33,"column":26}}]},"3":{"line":37,"type":"cond-expr","locations":[{"start":{"line":38,"column":14},"end":{"line":38,"column":20}},{"start":{"line":39,"column":14},"end":{"line":39,"column":20}}]},"4":{"line":41,"type":"binary-expr","locations":[{"start":{"line":41,"column":16},"end":{"line":41,"column":44}},{"start":{"line":41,"column":48},"end":{"line":41,"column":53}}]},"5":{"line":45,"type":"if","locations":[{"start":{"line":45,"column":8},"end":{"line":45,"column":8}},{"start":{"line":45,"column":8},"end":{"line":45,"column":8}}]}},"code":["/* istanbul instrument in package npmtest_sweetalert */","/*jslint","    bitwise: true,","    browser: true,","    maxerr: 8,","    maxlen: 96,","    node: true,","    nomen: true,","    regexp: true,","    stupid: true","*/","(function () {","    'use strict';","    var local;","","","","    // run shared js-env code - pre-init","    (function () {","        // init local","        local = {};","        // init modeJs","        local.modeJs = (function () {","            try {","                return typeof navigator.userAgent === 'string' &&","                    typeof document.querySelector('body') === 'object' &&","                    typeof XMLHttpRequest.prototype.open === 'function' &&","                    'browser';","            } catch (errorCaughtBrowser) {","                return module.exports &&","                    typeof process.versions.node === 'string' &&","                    typeof require('http').createServer === 'function' &&","                    'node';","            }","        }());","        // init global","        local.global = local.modeJs === 'browser'","            ? window","            : global;","        // init utility2_rollup","        local = local.global.utility2_rollup || local;","        // init lib","        local.local = local.npmtest_sweetalert = local;","        // init exports","        if (local.modeJs === 'browser') {","            local.global.utility2_npmtest_sweetalert = local;","        } else {","            module.exports = local;","            module.exports.__dirname = __dirname;","            module.exports.module = module;","        }","    }());","}());",""],"l":{"12":2,"14":2,"19":2,"21":2,"23":2,"24":2,"25":2,"30":1,"37":2,"41":2,"43":2,"45":2,"46":1,"48":1,"49":1,"50":1}},"/home/travis/build/npmtest/node-npmtest-sweetalert/example.js":{"path":"/home/travis/build/npmtest/node-npmtest-sweetalert/example.js","s":{"1":2,"2":2,"3":2,"4":2,"5":2,"6":2,"7":2,"8":1,"9":2,"10":2,"11":2,"12":2,"13":1,"14":2,"15":2,"16":2,"17":2,"18":2,"19":0,"20":2,"21":1,"22":1,"23":1,"24":1,"25":1,"26":0,"27":0,"28":1,"29":1,"30":2,"31":0,"32":0,"33":0,"34":1,"35":2,"36":2,"37":2,"38":2,"39":2,"40":2,"41":0,"42":2,"43":2,"44":2,"45":1,"46":3,"47":1,"48":1,"49":1,"50":1,"51":1,"52":1,"53":1,"54":1,"55":1,"56":1,"57":0,"58":1,"59":6,"60":6,"61":1,"62":2,"63":0,"64":2,"65":1,"66":1,"67":0,"68":0,"69":0,"70":0,"71":0,"72":0,"73":0,"74":0,"75":0,"76":0,"77":0,"78":0,"79":0,"80":0,"81":0,"82":0,"83":0},"b":{"1":[2,1,1,1],"2":[1,1,1,1],"3":[1,1],"4":[2,2],"5":[1,1],"6":[1,1],"7":[2,0],"8":[2,1,1,1,1,1],"9":[0,2,0],"10":[1,1],"11":[2,1,1],"12":[1,0],"13":[0,2],"14":[2,0,0,0,0,0,0],"15":[0,2],"16":[2,0],"17":[1,1],"18":[0,1],"19":[1,2,0,2],"20":[1,0],"21":[1,1],"22":[0,0],"23":[0,0],"24":[0,0],"25":[0,0],"26":[0,0],"27":[0,0],"28":[0,0]},"f":{"1":2,"2":2,"3":2,"4":2,"5":2,"6":2,"7":2,"8":2,"9":3,"10":1,"11":6,"12":0},"fnMap":{"1":{"name":"(anonymous_1)","line":26,"loc":{"start":{"line":26,"column":1},"end":{"line":26,"column":13}}},"2":{"name":"(anonymous_2)","line":33,"loc":{"start":{"line":33,"column":5},"end":{"line":33,"column":17}}},"3":{"name":"(anonymous_3)","line":37,"loc":{"start":{"line":37,"column":24},"end":{"line":37,"column":36}}},"4":{"name":"(anonymous_4)","line":69,"loc":{"start":{"line":69,"column":31},"end":{"line":69,"column":48}},"skip":true},"5":{"name":"(anonymous_5)","line":78,"loc":{"start":{"line":78,"column":26},"end":{"line":78,"column":45}},"skip":true},"6":{"name":"(anonymous_6)","line":123,"loc":{"start":{"line":123,"column":33},"end":{"line":123,"column":48}},"skip":true},"7":{"name":"(anonymous_7)","line":125,"loc":{"start":{"line":125,"column":27},"end":{"line":125,"column":39}},"skip":true},"8":{"name":"(anonymous_8)","line":133,"loc":{"start":{"line":133,"column":59},"end":{"line":133,"column":74}},"skip":true},"9":{"name":"(anonymous_9)","line":143,"loc":{"start":{"line":143,"column":45},"end":{"line":143,"column":62}},"skip":true},"10":{"name":"(anonymous_10)","line":144,"loc":{"start":{"line":144,"column":73},"end":{"line":144,"column":92}},"skip":true},"11":{"name":"(anonymous_11)","line":272,"loc":{"start":{"line":272,"column":51},"end":{"line":272,"column":77}},"skip":true},"12":{"name":"(anonymous_12)","line":314,"loc":{"start":{"line":314,"column":32},"end":{"line":314,"column":61}},"skip":true}},"statementMap":{"1":{"start":{"line":26,"column":0},"end":{"line":325,"column":5}},"2":{"start":{"line":28,"column":4},"end":{"line":28,"column":14}},"3":{"start":{"line":33,"column":4},"end":{"line":60,"column":9}},"4":{"start":{"line":35,"column":8},"end":{"line":35,"column":19}},"5":{"start":{"line":37,"column":8},"end":{"line":49,"column":13}},"6":{"start":{"line":38,"column":12},"end":{"line":48,"column":13}},"7":{"start":{"line":39,"column":16},"end":{"line":42,"column":30}},"8":{"start":{"line":44,"column":16},"end":{"line":47,"column":27}},"9":{"start":{"line":51,"column":8},"end":{"line":53,"column":21}},"10":{"start":{"line":55,"column":8},"end":{"line":57,"column":45}},"11":{"start":{"line":59,"column":8},"end":{"line":59,"column":35}},"12":{"start":{"line":61,"column":4},"end":{"line":324,"column":5}},"13":{"start":{"line":69,"column":8},"end":{"line":121,"column":10},"skip":true},"14":{"start":{"line":70,"column":12},"end":{"line":88,"column":13},"skip":true},"15":{"start":{"line":76,"column":16},"end":{"line":87,"column":19},"skip":true},"16":{"start":{"line":79,"column":20},"end":{"line":86,"column":21},"skip":true},"17":{"start":{"line":82,"column":24},"end":{"line":82,"column":43},"skip":true},"18":{"start":{"line":83,"column":24},"end":{"line":83,"column":30},"skip":true},"19":{"start":{"line":85,"column":24},"end":{"line":85,"column":49},"skip":true},"20":{"start":{"line":89,"column":12},"end":{"line":107,"column":13},"skip":true},"21":{"start":{"line":92,"column":16},"end":{"line":102,"column":17},"skip":true},"22":{"start":{"line":93,"column":20},"end":{"line":93,"column":86},"skip":true},"23":{"start":{"line":94,"column":20},"end":{"line":95,"column":45},"skip":true},"24":{"start":{"line":96,"column":20},"end":{"line":96,"column":42},"skip":true},"25":{"start":{"line":97,"column":20},"end":{"line":97,"column":48},"skip":true},"26":{"start":{"line":100,"column":20},"end":{"line":100,"column":85},"skip":true},"27":{"start":{"line":101,"column":20},"end":{"line":101,"column":96},"skip":true},"28":{"start":{"line":103,"column":16},"end":{"line":103,"column":22},"skip":true},"29":{"start":{"line":106,"column":16},"end":{"line":106,"column":22},"skip":true},"30":{"start":{"line":108,"column":12},"end":{"line":120,"column":13},"skip":true},"31":{"start":{"line":114,"column":16},"end":{"line":119,"column":17},"skip":true},"32":{"start":{"line":116,"column":20},"end":{"line":116,"column":78},"skip":true},"33":{"start":{"line":118,"column":20},"end":{"line":118,"column":47},"skip":true},"34":{"start":{"line":123,"column":8},"end":{"line":141,"column":11},"skip":true},"35":{"start":{"line":124,"column":12},"end":{"line":124,"column":54},"skip":true},"36":{"start":{"line":125,"column":12},"end":{"line":140,"column":14},"skip":true},"37":{"start":{"line":126,"column":16},"end":{"line":126,"column":28},"skip":true},"38":{"start":{"line":127,"column":16},"end":{"line":127,"column":69},"skip":true},"39":{"start":{"line":128,"column":16},"end":{"line":128,"column":75},"skip":true},"40":{"start":{"line":129,"column":16},"end":{"line":131,"column":17},"skip":true},"41":{"start":{"line":130,"column":20},"end":{"line":130,"column":27},"skip":true},"42":{"start":{"line":133,"column":16},"end":{"line":137,"column":36},"skip":true},"43":{"start":{"line":134,"column":20},"end":{"line":136,"column":55},"skip":true},"44":{"start":{"line":139,"column":16},"end":{"line":139,"column":57},"skip":true},"45":{"start":{"line":143,"column":8},"end":{"line":147,"column":11},"skip":true},"46":{"start":{"line":144,"column":12},"end":{"line":146,"column":15},"skip":true},"47":{"start":{"line":145,"column":16},"end":{"line":145,"column":70},"skip":true},"48":{"start":{"line":149,"column":8},"end":{"line":149,"column":31},"skip":true},"49":{"start":{"line":150,"column":8},"end":{"line":150,"column":14},"skip":true},"50":{"start":{"line":158,"column":8},"end":{"line":158,"column":31},"skip":true},"51":{"start":{"line":160,"column":8},"end":{"line":160,"column":33},"skip":true},"52":{"start":{"line":161,"column":8},"end":{"line":161,"column":37},"skip":true},"53":{"start":{"line":162,"column":8},"end":{"line":162,"column":35},"skip":true},"54":{"start":{"line":164,"column":8},"end":{"line":164,"column":50},"skip":true},"55":{"start":{"line":166,"column":8},"end":{"line":256,"column":2},"skip":true},"56":{"start":{"line":258,"column":8},"end":{"line":286,"column":9},"skip":true},"57":{"start":{"line":259,"column":12},"end":{"line":269,"column":14},"skip":true},"58":{"start":{"line":271,"column":12},"end":{"line":285,"column":19},"skip":true},"59":{"start":{"line":274,"column":20},"end":{"line":274,"column":35},"skip":true},"60":{"start":{"line":275,"column":20},"end":{"line":284,"column":21},"skip":true},"61":{"start":{"line":277,"column":24},"end":{"line":277,"column":64},"skip":true},"62":{"start":{"line":279,"column":24},"end":{"line":279,"column":40},"skip":true},"63":{"start":{"line":281,"column":24},"end":{"line":281,"column":40},"skip":true},"64":{"start":{"line":283,"column":24},"end":{"line":283,"column":39},"skip":true},"65":{"start":{"line":288,"column":8},"end":{"line":290,"column":9},"skip":true},"66":{"start":{"line":289,"column":12},"end":{"line":289,"column":18},"skip":true},"67":{"start":{"line":291,"column":8},"end":{"line":293,"column":54},"skip":true},"68":{"start":{"line":294,"column":8},"end":{"line":301,"column":37},"skip":true},"69":{"start":{"line":302,"column":8},"end":{"line":302,"column":82},"skip":true},"70":{"start":{"line":305,"column":8},"end":{"line":307,"column":9},"skip":true},"71":{"start":{"line":306,"column":12},"end":{"line":306,"column":82},"skip":true},"72":{"start":{"line":309,"column":8},"end":{"line":311,"column":9},"skip":true},"73":{"start":{"line":310,"column":12},"end":{"line":310,"column":18},"skip":true},"74":{"start":{"line":312,"column":8},"end":{"line":312,"column":54},"skip":true},"75":{"start":{"line":313,"column":8},"end":{"line":313,"column":69},"skip":true},"76":{"start":{"line":314,"column":8},"end":{"line":322,"column":36},"skip":true},"77":{"start":{"line":315,"column":12},"end":{"line":315,"column":61},"skip":true},"78":{"start":{"line":316,"column":12},"end":{"line":319,"column":13},"skip":true},"79":{"start":{"line":317,"column":16},"end":{"line":317,"column":75},"skip":true},"80":{"start":{"line":318,"column":16},"end":{"line":318,"column":23},"skip":true},"81":{"start":{"line":320,"column":12},"end":{"line":320,"column":38},"skip":true},"82":{"start":{"line":321,"column":12},"end":{"line":321,"column":27},"skip":true},"83":{"start":{"line":323,"column":8},"end":{"line":323,"column":14},"skip":true}},"branchMap":{"1":{"line":39,"type":"binary-expr","locations":[{"start":{"line":39,"column":23},"end":{"line":39,"column":62}},{"start":{"line":40,"column":20},"end":{"line":40,"column":70}},{"start":{"line":41,"column":20},"end":{"line":41,"column":71}},{"start":{"line":42,"column":20},"end":{"line":42,"column":29}}]},"2":{"line":44,"type":"binary-expr","locations":[{"start":{"line":44,"column":23},"end":{"line":44,"column":37}},{"start":{"line":45,"column":20},"end":{"line":45,"column":61}},{"start":{"line":46,"column":20},"end":{"line":46,"column":70}},{"start":{"line":47,"column":20},"end":{"line":47,"column":26}}]},"3":{"line":51,"type":"cond-expr","locations":[{"start":{"line":52,"column":14},"end":{"line":52,"column":20}},{"start":{"line":53,"column":14},"end":{"line":53,"column":20}}]},"4":{"line":55,"type":"binary-expr","locations":[{"start":{"line":55,"column":16},"end":{"line":55,"column":44}},{"start":{"line":55,"column":49},"end":{"line":57,"column":43}}]},"5":{"line":55,"type":"cond-expr","locations":[{"start":{"line":56,"column":14},"end":{"line":56,"column":54}},{"start":{"line":57,"column":14},"end":{"line":57,"column":43}}]},"6":{"line":61,"type":"switch","locations":[{"start":{"line":68,"column":4},"end":{"line":150,"column":14},"skip":true},{"start":{"line":156,"column":4},"end":{"line":323,"column":14},"skip":true}]},"7":{"line":70,"type":"if","locations":[{"start":{"line":70,"column":12},"end":{"line":70,"column":12},"skip":true},{"start":{"line":70,"column":12},"end":{"line":70,"column":12},"skip":true}]},"8":{"line":70,"type":"binary-expr","locations":[{"start":{"line":70,"column":16},"end":{"line":70,"column":22},"skip":true},{"start":{"line":70,"column":27},"end":{"line":70,"column":32},"skip":true},{"start":{"line":71,"column":20},"end":{"line":71,"column":39},"skip":true},{"start":{"line":72,"column":20},"end":{"line":72,"column":49},"skip":true},{"start":{"line":73,"column":20},"end":{"line":73,"column":58},"skip":true},{"start":{"line":74,"column":20},"end":{"line":74,"column":69},"skip":true}]},"9":{"line":79,"type":"switch","locations":[{"start":{"line":80,"column":20},"end":{"line":80,"column":33},"skip":true},{"start":{"line":81,"column":20},"end":{"line":83,"column":30},"skip":true},{"start":{"line":84,"column":20},"end":{"line":85,"column":49},"skip":true}]},"10":{"line":89,"type":"switch","locations":[{"start":{"line":90,"column":12},"end":{"line":103,"column":22},"skip":true},{"start":{"line":105,"column":12},"end":{"line":106,"column":22},"skip":true}]},"11":{"line":89,"type":"binary-expr","locations":[{"start":{"line":89,"column":20},"end":{"line":89,"column":25},"skip":true},{"start":{"line":89,"column":29},"end":{"line":89,"column":48},"skip":true},{"start":{"line":89,"column":52},"end":{"line":89,"column":74},"skip":true}]},"12":{"line":92,"type":"if","locations":[{"start":{"line":92,"column":16},"end":{"line":92,"column":16},"skip":true},{"start":{"line":92,"column":16},"end":{"line":92,"column":16},"skip":true}]},"13":{"line":108,"type":"if","locations":[{"start":{"line":108,"column":12},"end":{"line":108,"column":12},"skip":true},{"start":{"line":108,"column":12},"end":{"line":108,"column":12},"skip":true}]},"14":{"line":108,"type":"binary-expr","locations":[{"start":{"line":108,"column":16},"end":{"line":108,"column":61},"skip":true},{"start":{"line":108,"column":66},"end":{"line":108,"column":72},"skip":true},{"start":{"line":108,"column":77},"end":{"line":108,"column":82},"skip":true},{"start":{"line":109,"column":20},"end":{"line":109,"column":39},"skip":true},{"start":{"line":110,"column":20},"end":{"line":110,"column":49},"skip":true},{"start":{"line":111,"column":20},"end":{"line":111,"column":58},"skip":true},{"start":{"line":112,"column":20},"end":{"line":112,"column":68},"skip":true}]},"15":{"line":129,"type":"if","locations":[{"start":{"line":129,"column":16},"end":{"line":129,"column":16},"skip":true},{"start":{"line":129,"column":16},"end":{"line":129,"column":16},"skip":true}]},"16":{"line":134,"type":"cond-expr","locations":[{"start":{"line":135,"column":26},"end":{"line":135,"column":29},"skip":true},{"start":{"line":136,"column":26},"end":{"line":136,"column":54},"skip":true}]},"17":{"line":164,"type":"binary-expr","locations":[{"start":{"line":164,"column":27},"end":{"line":164,"column":43},"skip":true},{"start":{"line":164,"column":47},"end":{"line":164,"column":49},"skip":true}]},"18":{"line":258,"type":"if","locations":[{"start":{"line":258,"column":8},"end":{"line":258,"column":8},"skip":true},{"start":{"line":258,"column":8},"end":{"line":258,"column":8},"skip":true}]},"19":{"line":275,"type":"switch","locations":[{"start":{"line":276,"column":20},"end":{"line":277,"column":64},"skip":true},{"start":{"line":278,"column":20},"end":{"line":279,"column":40},"skip":true},{"start":{"line":280,"column":20},"end":{"line":281,"column":40},"skip":true},{"start":{"line":282,"column":20},"end":{"line":283,"column":39},"skip":true}]},"20":{"line":288,"type":"if","locations":[{"start":{"line":288,"column":8},"end":{"line":288,"column":8},"skip":true},{"start":{"line":288,"column":8},"end":{"line":288,"column":8},"skip":true}]},"21":{"line":288,"type":"binary-expr","locations":[{"start":{"line":288,"column":12},"end":{"line":288,"column":40},"skip":true},{"start":{"line":288,"column":44},"end":{"line":288,"column":67},"skip":true}]},"22":{"line":292,"type":"binary-expr","locations":[{"start":{"line":292,"column":12},"end":{"line":292,"column":50},"skip":true},{"start":{"line":293,"column":12},"end":{"line":293,"column":53},"skip":true}]},"23":{"line":295,"type":"binary-expr","locations":[{"start":{"line":295,"column":12},"end":{"line":295,"column":68},"skip":true},{"start":{"line":296,"column":12},"end":{"line":301,"column":36},"skip":true}]},"24":{"line":302,"type":"binary-expr","locations":[{"start":{"line":302,"column":43},"end":{"line":302,"column":75},"skip":true},{"start":{"line":302,"column":79},"end":{"line":302,"column":81},"skip":true}]},"25":{"line":305,"type":"if","locations":[{"start":{"line":305,"column":8},"end":{"line":305,"column":8},"skip":true},{"start":{"line":305,"column":8},"end":{"line":305,"column":8},"skip":true}]},"26":{"line":309,"type":"if","locations":[{"start":{"line":309,"column":8},"end":{"line":309,"column":8},"skip":true},{"start":{"line":309,"column":8},"end":{"line":309,"column":8},"skip":true}]},"27":{"line":312,"type":"binary-expr","locations":[{"start":{"line":312,"column":27},"end":{"line":312,"column":43},"skip":true},{"start":{"line":312,"column":47},"end":{"line":312,"column":53},"skip":true}]},"28":{"line":316,"type":"if","locations":[{"start":{"line":316,"column":12},"end":{"line":316,"column":12},"skip":true},{"start":{"line":316,"column":12},"end":{"line":316,"column":12},"skip":true}]}},"code":["/*","example.js","","quickstart example","","instruction","    1. save this script as example.js","    2. run the shell command:","        $ npm install npmtest-sweetalert && PORT=8081 node example.js","    3. play with the browser-demo on http://127.0.0.1:8081","*/","","","","/* istanbul instrument in package npmtest_sweetalert */","/*jslint","    bitwise: true,","    browser: true,","    maxerr: 8,","    maxlen: 96,","    node: true,","    nomen: true,","    regexp: true,","    stupid: true","*/","(function () {","    'use strict';","    var local;","","","","    // run shared js-env code - pre-init","    (function () {","        // init local","        local = {};","        // init modeJs","        local.modeJs = (function () {","            try {","                return typeof navigator.userAgent === 'string' &&","                    typeof document.querySelector('body') === 'object' &&","                    typeof XMLHttpRequest.prototype.open === 'function' &&","                    'browser';","            } catch (errorCaughtBrowser) {","                return module.exports &&","                    typeof process.versions.node === 'string' &&","                    typeof require('http').createServer === 'function' &&","                    'node';","            }","        }());","        // init global","        local.global = local.modeJs === 'browser'","            ? window","            : global;","        // init utility2_rollup","        local = local.global.utility2_rollup || (local.modeJs === 'browser'","            ? local.global.utility2_npmtest_sweetalert","            : global.utility2_moduleExports);","        // export local","        local.global.local = local;","    }());","    switch (local.modeJs) {","","","","    // post-init","    // run browser js-env code - post-init","    /* istanbul ignore next */","    case 'browser':","        local.testRunBrowser = function (event) {","            if (!event || (event &&","                    event.currentTarget &&","                    event.currentTarget.className &&","                    event.currentTarget.className.includes &&","                    event.currentTarget.className.includes('onreset'))) {","                // reset output","                Array.from(","                    document.querySelectorAll('body > .resettable')","                ).forEach(function (element) {","                    switch (element.tagName) {","                    case 'INPUT':","                    case 'TEXTAREA':","                        element.value = '';","                        break;","                    default:","                        element.textContent = '';","                    }","                });","            }","            switch (event && event.currentTarget && event.currentTarget.id) {","            case 'testRunButton1':","                // show tests","                if (document.querySelector('#testReportDiv1').style.display === 'none') {","                    document.querySelector('#testReportDiv1').style.display = 'block';","                    document.querySelector('#testRunButton1').textContent =","                        'hide internal test';","                    local.modeTest = true;","                    local.testRunDefault(local);","                // hide tests","                } else {","                    document.querySelector('#testReportDiv1').style.display = 'none';","                    document.querySelector('#testRunButton1').textContent = 'run internal test';","                }","                break;","            // custom-case","            default:","                break;","            }","            if (document.querySelector('#inputTextareaEval1') && (!event || (event &&","                    event.currentTarget &&","                    event.currentTarget.className &&","                    event.currentTarget.className.includes &&","                    event.currentTarget.className.includes('oneval')))) {","                // try to eval input-code","                try {","                    /*jslint evil: true*/","                    eval(document.querySelector('#inputTextareaEval1').value);","                } catch (errorCaught) {","                    console.error(errorCaught);","                }","            }","        };","        // log stderr and stdout to #outputTextareaStdout1","        ['error', 'log'].forEach(function (key) {","            console[key + '_original'] = console[key];","            console[key] = function () {","                var element;","                console[key + '_original'].apply(console, arguments);","                element = document.querySelector('#outputTextareaStdout1');","                if (!element) {","                    return;","                }","                // append text to #outputTextareaStdout1","                element.value += Array.from(arguments).map(function (arg) {","                    return typeof arg === 'string'","                        ? arg","                        : JSON.stringify(arg, null, 4);","                }).join(' ') + '\\n';","                // scroll textarea to bottom","                element.scrollTop = element.scrollHeight;","            };","        });","        // init event-handling","        ['change', 'click', 'keyup'].forEach(function (event) {","            Array.from(document.querySelectorAll('.on' + event)).forEach(function (element) {","                element.addEventListener(event, local.testRunBrowser);","            });","        });","        // run tests","        local.testRunBrowser();","        break;","","","","    // run node js-env code - post-init","    /* istanbul ignore next */","    case 'node':","        // export local","        module.exports = local;","        // require modules","        local.fs = require('fs');","        local.http = require('http');","        local.url = require('url');","        // init assets","        local.assetsDict = local.assetsDict || {};","        /* jslint-ignore-begin */","        local.assetsDict['/assets.index.template.html'] = '\\","<!doctype html>\\n\\","<html lang=\"en\">\\n\\","<head>\\n\\","<meta charset=\"UTF-8\">\\n\\","<meta name=\"viewport\" content=\"width=device-width, initial-scale=1\">\\n\\","<title>{{env.npm_package_name}} (v{{env.npm_package_version}})</title>\\n\\","<style>\\n\\","/*csslint\\n\\","    box-sizing: false,\\n\\","    universal-selector: false\\n\\","*/\\n\\","* {\\n\\","    box-sizing: border-box;\\n\\","}\\n\\","body {\\n\\","    background: #dde;\\n\\","    font-family: Arial, Helvetica, sans-serif;\\n\\","    margin: 2rem;\\n\\","}\\n\\","body > * {\\n\\","    margin-bottom: 1rem;\\n\\","}\\n\\",".utility2FooterDiv {\\n\\","    margin-top: 20px;\\n\\","    text-align: center;\\n\\","}\\n\\","</style>\\n\\","<style>\\n\\","/*csslint\\n\\","*/\\n\\","textarea {\\n\\","    font-family: monospace;\\n\\","    height: 10rem;\\n\\","    width: 100%;\\n\\","}\\n\\","textarea[readonly] {\\n\\","    background: #ddd;\\n\\","}\\n\\","</style>\\n\\","</head>\\n\\","<body>\\n\\","<!-- utility2-comment\\n\\","<div id=\"ajaxProgressDiv1\" style=\"background: #d00; height: 2px; left: 0; margin: 0; padding: 0; position: fixed; top: 0; transition: background 0.5s, width 1.5s; width: 25%;\"></div>\\n\\","utility2-comment -->\\n\\","<h1>\\n\\","<!-- utility2-comment\\n\\","    <a\\n\\","        {{#if env.npm_package_homepage}}\\n\\","        href=\"{{env.npm_package_homepage}}\"\\n\\","        {{/if env.npm_package_homepage}}\\n\\","        target=\"_blank\"\\n\\","    >\\n\\","utility2-comment -->\\n\\","        {{env.npm_package_name}} (v{{env.npm_package_version}})\\n\\","<!-- utility2-comment\\n\\","    </a>\\n\\","utility2-comment -->\\n\\","</h1>\\n\\","<h3>{{env.npm_package_description}}</h3>\\n\\","<!-- utility2-comment\\n\\","<h4><a download href=\"assets.app.js\">download standalone app</a></h4>\\n\\","<button class=\"onclick onreset\" id=\"testRunButton1\">run internal test</button><br>\\n\\","<div id=\"testReportDiv1\" style=\"display: none;\"></div>\\n\\","utility2-comment -->\\n\\","\\n\\","\\n\\","\\n\\","<label>stderr and stdout</label>\\n\\","<textarea class=\"resettable\" id=\"outputTextareaStdout1\" readonly></textarea>\\n\\","<!-- utility2-comment\\n\\","{{#if isRollup}}\\n\\","<script src=\"assets.app.js\"></script>\\n\\","{{#unless isRollup}}\\n\\","utility2-comment -->\\n\\","<script src=\"assets.utility2.rollup.js\"></script>\\n\\","<script src=\"jsonp.utility2._stateInit?callback=window.utility2._stateInit\"></script>\\n\\","<script src=\"assets.npmtest_sweetalert.rollup.js\"></script>\\n\\","<script src=\"assets.example.js\"></script>\\n\\","<script src=\"assets.test.js\"></script>\\n\\","<!-- utility2-comment\\n\\","{{/if isRollup}}\\n\\","utility2-comment -->\\n\\","<div class=\"utility2FooterDiv\">\\n\\","    [ this app was created with\\n\\","    <a href=\"https://github.com/kaizhu256/node-utility2\" target=\"_blank\">utility2</a>\\n\\","    ]\\n\\","</div>\\n\\","</body>\\n\\","</html>\\n\\","';","        /* jslint-ignore-end */","        if (local.templateRender) {","            local.assetsDict['/'] = local.templateRender(","                local.assetsDict['/assets.index.template.html'],","                {","                    env: local.objectSetDefault(local.env, {","                        npm_package_description: 'the greatest app in the world!',","                        npm_package_name: 'my-app',","                        npm_package_nameAlias: 'my_app',","                        npm_package_version: '0.0.1'","                    })","                }","            );","        } else {","            local.assetsDict['/'] = local.assetsDict['/assets.index.template.html']","                .replace((/\\{\\{env\\.(\\w+?)\\}\\}/g), function (match0, match1) {","                    // jslint-hack","                    String(match0);","                    switch (match1) {","                    case 'npm_package_description':","                        return 'the greatest app in the world!';","                    case 'npm_package_name':","                        return 'my-app';","                    case 'npm_package_nameAlias':","                        return 'my_app';","                    case 'npm_package_version':","                        return '0.0.1';","                    }","                });","        }","        // run the cli","        if (local.global.utility2_rollup || module !== require.main) {","            break;","        }","        local.assetsDict['/assets.example.js'] =","            local.assetsDict['/assets.example.js'] ||","            local.fs.readFileSync(__filename, 'utf8');","        local.assetsDict['/assets.npmtest_sweetalert.rollup.js'] =","            local.assetsDict['/assets.npmtest_sweetalert.rollup.js'] ||","            local.fs.readFileSync(","                // buildCustomOrg-hack","                local.npmtest_sweetalert.__dirname +","                    '/lib.npmtest_sweetalert.js',","                'utf8'","            ).replace((/^#!/), '//');","        local.assetsDict['/favicon.ico'] = local.assetsDict['/favicon.ico'] || '';","        // if $npm_config_timeout_exit exists,","        // then exit this process after $npm_config_timeout_exit ms","        if (Number(process.env.npm_config_timeout_exit)) {","            setTimeout(process.exit, Number(process.env.npm_config_timeout_exit));","        }","        // start server","        if (local.global.utility2_serverHttp1) {","            break;","        }","        process.env.PORT = process.env.PORT || '8081';","        console.error('server starting on port ' + process.env.PORT);","        local.http.createServer(function (request, response) {","            request.urlParsed = local.url.parse(request.url);","            if (local.assetsDict[request.urlParsed.pathname] !== undefined) {","                response.end(local.assetsDict[request.urlParsed.pathname]);","                return;","            }","            response.statusCode = 404;","            response.end();","        }).listen(process.env.PORT);","        break;","    }","}());",""],"l":{"26":2,"28":2,"33":2,"35":2,"37":2,"38":2,"39":2,"44":1,"51":2,"55":2,"59":2,"61":2,"69":1,"70":2,"76":2,"79":2,"82":2,"83":2,"85":1,"89":2,"92":1,"93":1,"94":1,"96":1,"97":1,"100":1,"101":1,"103":1,"106":1,"108":2,"114":1,"116":1,"118":1,"123":1,"124":2,"125":2,"126":2,"127":2,"128":2,"129":2,"130":1,"133":2,"134":2,"139":2,"143":1,"144":3,"145":1,"149":1,"150":1,"158":1,"160":1,"161":1,"162":1,"164":1,"166":1,"258":1,"259":1,"271":1,"274":6,"275":6,"277":1,"279":2,"281":1,"283":2,"288":1,"289":1,"291":1,"294":1,"302":1,"305":1,"306":1,"309":1,"310":1,"312":1,"313":1,"314":1,"315":1,"316":1,"317":1,"318":1,"320":1,"321":1,"323":1}},"/home/travis/build/npmtest/node-npmtest-sweetalert/node_modules/sweetalert/lib/sweetalert.js":{"path":"/home/travis/build/npmtest/node-npmtest-sweetalert/node_modules/sweetalert/lib/sweetalert.js","s":{"1":3,"2":9,"3":3,"4":3,"5":3,"6":3,"7":3,"8":3,"9":3,"10":3,"11":3,"12":3,"13":3,"14":3,"15":3,"16":3,"17":3,"18":0,"19":0,"20":0,"21":1,"22":0,"23":0,"24":0,"25":0,"26":0,"27":0,"28":0,"29":0,"30":0,"31":0,"32":0,"33":0,"34":0,"35":0,"36":0,"37":0,"38":0,"39":0,"40":0,"41":0,"42":0,"43":0,"44":0,"45":0,"46":0,"47":0,"48":0,"49":0,"50":0,"51":0,"52":0,"53":0,"54":0,"55":0,"56":0,"57":0,"58":0,"59":0,"60":0,"61":0,"62":0,"63":0,"64":0,"65":0,"66":0,"67":0,"68":3,"69":0,"70":0,"71":0,"72":0,"73":0,"74":3,"75":0,"76":0,"77":0,"78":0,"79":0,"80":0,"81":0,"82":0,"83":0,"84":0,"85":0,"86":0,"87":0,"88":0,"89":0,"90":0,"91":0,"92":0,"93":0,"94":0,"95":0,"96":0,"97":0,"98":0,"99":0,"100":0,"101":0,"102":3,"103":0,"104":0,"105":0,"106":0,"107":0,"108":0,"109":0,"110":0,"111":0,"112":3,"113":0,"114":0,"115":0,"116":0,"117":0,"118":0,"119":0,"120":3,"121":0,"122":0,"123":0,"124":0,"125":0,"126":3,"127":0,"128":0,"129":0,"130":0,"131":0,"132":3,"133":0,"134":3,"135":0},"b":{"1":[0,9],"2":[9,9],"3":[0,0],"4":[0,0],"5":[0,0,0],"6":[0,0],"7":[0,0],"8":[0,0],"9":[0,0],"10":[0,0],"11":[0,0],"12":[0,0],"13":[0,0],"14":[0,0],"15":[0,0],"16":[0,0],"17":[0,3]},"f":{"1":9,"2":0,"3":0,"4":0,"5":0,"6":0,"7":0,"8":0,"9":0,"10":0,"11":0,"12":0,"13":0,"14":0,"15":0},"fnMap":{"1":{"name":"(anonymous_1)","line":3,"loc":{"start":{"line":3,"column":30},"end":{"line":3,"column":45}}},"2":{"name":"(anonymous_2)","line":61,"loc":{"start":{"line":61,"column":41},"end":{"line":61,"column":53}}},"3":{"name":"argumentOrDefault","line":72,"loc":{"start":{"line":72,"column":2},"end":{"line":72,"column":34}}},"4":{"name":"onButtonEvent","line":133,"loc":{"start":{"line":133,"column":22},"end":{"line":133,"column":48}}},"5":{"name":"onKeyEvent","line":149,"loc":{"start":{"line":149,"column":19},"end":{"line":149,"column":42}}},"6":{"name":"(anonymous_6)","line":154,"loc":{"start":{"line":154,"column":19},"end":{"line":154,"column":31}}},"7":{"name":"(anonymous_7)","line":156,"loc":{"start":{"line":156,"column":15},"end":{"line":156,"column":27}}},"8":{"name":"(anonymous_8)","line":174,"loc":{"start":{"line":174,"column":44},"end":{"line":174,"column":66}}},"9":{"name":"(anonymous_9)","line":188,"loc":{"start":{"line":188,"column":32},"end":{"line":188,"column":44}}},"10":{"name":"(anonymous_10)","line":215,"loc":{"start":{"line":215,"column":13},"end":{"line":215,"column":25}}},"11":{"name":"(anonymous_11)","line":238,"loc":{"start":{"line":238,"column":50},"end":{"line":238,"column":74}}},"12":{"name":"(anonymous_12)","line":249,"loc":{"start":{"line":249,"column":13},"end":{"line":249,"column":25}}},"13":{"name":"(anonymous_13)","line":259,"loc":{"start":{"line":259,"column":52},"end":{"line":259,"column":69}}},"14":{"name":"(anonymous_14)","line":277,"loc":{"start":{"line":277,"column":50},"end":{"line":277,"column":67}}},"15":{"name":"(anonymous_15)","line":288,"loc":{"start":{"line":288,"column":48},"end":{"line":288,"column":65}}}},"statementMap":{"1":{"start":{"line":3,"column":0},"end":{"line":3,"column":106}},"2":{"start":{"line":3,"column":47},"end":{"line":3,"column":103}},"3":{"start":{"line":5,"column":0},"end":{"line":7,"column":3}},"4":{"start":{"line":16,"column":0},"end":{"line":16,"column":174}},"5":{"start":{"line":22,"column":0},"end":{"line":22,"column":78}},"6":{"start":{"line":28,"column":0},"end":{"line":28,"column":149}},"7":{"start":{"line":32,"column":0},"end":{"line":32,"column":81}},"8":{"start":{"line":34,"column":0},"end":{"line":34,"column":53}},"9":{"start":{"line":36,"column":0},"end":{"line":36,"column":62}},"10":{"start":{"line":40,"column":0},"end":{"line":40,"column":57}},"11":{"start":{"line":42,"column":0},"end":{"line":42,"column":62}},"12":{"start":{"line":44,"column":0},"end":{"line":44,"column":53}},"13":{"start":{"line":46,"column":0},"end":{"line":46,"column":62}},"14":{"start":{"line":52,"column":0},"end":{"line":52,"column":26}},"15":{"start":{"line":53,"column":0},"end":{"line":53,"column":22}},"16":{"start":{"line":59,"column":0},"end":{"line":59,"column":21}},"17":{"start":{"line":61,"column":0},"end":{"line":168,"column":2}},"18":{"start":{"line":62,"column":2},"end":{"line":62,"column":36}},"19":{"start":{"line":64,"column":2},"end":{"line":64,"column":180}},"20":{"start":{"line":65,"column":2},"end":{"line":65,"column":121}},"21":{"start":{"line":72,"column":2},"end":{"line":75,"column":3}},"22":{"start":{"line":73,"column":4},"end":{"line":73,"column":30}},"23":{"start":{"line":74,"column":4},"end":{"line":74,"column":81}},"24":{"start":{"line":77,"column":2},"end":{"line":80,"column":3}},"25":{"start":{"line":78,"column":4},"end":{"line":78,"column":100}},"26":{"start":{"line":79,"column":4},"end":{"line":79,"column":17}},"27":{"start":{"line":82,"column":2},"end":{"line":82,"column":99}},"28":{"start":{"line":84,"column":2},"end":{"line":119,"column":3}},"29":{"start":{"line":88,"column":6},"end":{"line":88,"column":36}},"30":{"start":{"line":89,"column":6},"end":{"line":89,"column":39}},"31":{"start":{"line":90,"column":6},"end":{"line":90,"column":39}},"32":{"start":{"line":91,"column":6},"end":{"line":91,"column":12}},"33":{"start":{"line":95,"column":6},"end":{"line":98,"column":7}},"34":{"start":{"line":96,"column":8},"end":{"line":96,"column":89}},"35":{"start":{"line":97,"column":8},"end":{"line":97,"column":21}},"36":{"start":{"line":100,"column":6},"end":{"line":100,"column":42}},"37":{"start":{"line":102,"column":6},"end":{"line":104,"column":7}},"38":{"start":{"line":103,"column":8},"end":{"line":103,"column":59}},"39":{"start":{"line":107,"column":6},"end":{"line":107,"column":116}},"40":{"start":{"line":108,"column":6},"end":{"line":108,"column":72}},"41":{"start":{"line":111,"column":6},"end":{"line":111,"column":49}},"42":{"start":{"line":113,"column":6},"end":{"line":113,"column":12}},"43":{"start":{"line":116,"column":6},"end":{"line":116,"column":150}},"44":{"start":{"line":117,"column":6},"end":{"line":117,"column":19}},"45":{"start":{"line":121,"column":2},"end":{"line":121,"column":37}},"46":{"start":{"line":122,"column":2},"end":{"line":122,"column":130}},"47":{"start":{"line":123,"column":2},"end":{"line":123,"column":132}},"48":{"start":{"line":126,"column":2},"end":{"line":126,"column":131}},"49":{"start":{"line":131,"column":2},"end":{"line":131,"column":50}},"50":{"start":{"line":132,"column":2},"end":{"line":132,"column":101}},"51":{"start":{"line":133,"column":2},"end":{"line":135,"column":4}},"52":{"start":{"line":134,"column":4},"end":{"line":134,"column":83}},"53":{"start":{"line":137,"column":2},"end":{"line":142,"column":3}},"54":{"start":{"line":138,"column":4},"end":{"line":141,"column":5}},"55":{"start":{"line":139,"column":6},"end":{"line":139,"column":42}},"56":{"start":{"line":140,"column":6},"end":{"line":140,"column":49}},"57":{"start":{"line":145,"column":2},"end":{"line":145,"column":145}},"58":{"start":{"line":147,"column":2},"end":{"line":147,"column":43}},"59":{"start":{"line":149,"column":2},"end":{"line":151,"column":4}},"60":{"start":{"line":150,"column":4},"end":{"line":150,"column":56}},"61":{"start":{"line":152,"column":2},"end":{"line":152,"column":32}},"62":{"start":{"line":154,"column":2},"end":{"line":164,"column":4}},"63":{"start":{"line":156,"column":4},"end":{"line":163,"column":10}},"64":{"start":{"line":159,"column":6},"end":{"line":162,"column":7}},"65":{"start":{"line":160,"column":8},"end":{"line":160,"column":34}},"66":{"start":{"line":161,"column":8},"end":{"line":161,"column":38}},"67":{"start":{"line":167,"column":2},"end":{"line":167,"column":23}},"68":{"start":{"line":174,"column":0},"end":{"line":183,"column":2}},"69":{"start":{"line":175,"column":2},"end":{"line":177,"column":3}},"70":{"start":{"line":176,"column":4},"end":{"line":176,"column":46}},"71":{"start":{"line":178,"column":2},"end":{"line":180,"column":3}},"72":{"start":{"line":179,"column":4},"end":{"line":179,"column":53}},"73":{"start":{"line":182,"column":2},"end":{"line":182,"column":94}},"74":{"start":{"line":188,"column":0},"end":{"line":232,"column":2}},"75":{"start":{"line":189,"column":2},"end":{"line":189,"column":131}},"76":{"start":{"line":191,"column":2},"end":{"line":191,"column":269}},"77":{"start":{"line":192,"column":2},"end":{"line":192,"column":156}},"78":{"start":{"line":193,"column":2},"end":{"line":193,"column":175}},"79":{"start":{"line":194,"column":2},"end":{"line":194,"column":172}},"80":{"start":{"line":195,"column":2},"end":{"line":195,"column":168}},"81":{"start":{"line":200,"column":2},"end":{"line":200,"column":64}},"82":{"start":{"line":201,"column":2},"end":{"line":201,"column":175}},"83":{"start":{"line":202,"column":2},"end":{"line":202,"column":210}},"84":{"start":{"line":203,"column":2},"end":{"line":203,"column":212}},"85":{"start":{"line":205,"column":2},"end":{"line":205,"column":60}},"86":{"start":{"line":206,"column":2},"end":{"line":206,"column":182}},"87":{"start":{"line":207,"column":2},"end":{"line":207,"column":206}},"88":{"start":{"line":209,"column":2},"end":{"line":209,"column":64}},"89":{"start":{"line":210,"column":2},"end":{"line":210,"column":180}},"90":{"start":{"line":211,"column":2},"end":{"line":211,"column":209}},"91":{"start":{"line":212,"column":2},"end":{"line":212,"column":208}},"92":{"start":{"line":215,"column":2},"end":{"line":218,"column":10}},"93":{"start":{"line":216,"column":4},"end":{"line":216,"column":62}},"94":{"start":{"line":217,"column":4},"end":{"line":217,"column":172}},"95":{"start":{"line":221,"column":2},"end":{"line":221,"column":183}},"96":{"start":{"line":224,"column":2},"end":{"line":224,"column":43}},"97":{"start":{"line":225,"column":2},"end":{"line":227,"column":3}},"98":{"start":{"line":226,"column":4},"end":{"line":226,"column":41}},"99":{"start":{"line":228,"column":2},"end":{"line":228,"column":32}},"100":{"start":{"line":229,"column":2},"end":{"line":229,"column":30}},"101":{"start":{"line":231,"column":2},"end":{"line":231,"column":14}},"102":{"start":{"line":238,"column":0},"end":{"line":254,"column":2}},"103":{"start":{"line":239,"column":2},"end":{"line":239,"column":131}},"104":{"start":{"line":241,"column":2},"end":{"line":241,"column":58}},"105":{"start":{"line":242,"column":2},"end":{"line":242,"column":167}},"106":{"start":{"line":244,"column":2},"end":{"line":244,"column":67}},"107":{"start":{"line":245,"column":2},"end":{"line":245,"column":172}},"108":{"start":{"line":247,"column":2},"end":{"line":247,"column":62}},"109":{"start":{"line":249,"column":2},"end":{"line":251,"column":8}},"110":{"start":{"line":250,"column":4},"end":{"line":250,"column":31}},"111":{"start":{"line":253,"column":2},"end":{"line":253,"column":39}},"112":{"start":{"line":259,"column":0},"end":{"line":272,"column":2}},"113":{"start":{"line":261,"column":2},"end":{"line":263,"column":3}},"114":{"start":{"line":262,"column":4},"end":{"line":262,"column":17}},"115":{"start":{"line":265,"column":2},"end":{"line":265,"column":132}},"116":{"start":{"line":267,"column":2},"end":{"line":267,"column":59}},"117":{"start":{"line":268,"column":2},"end":{"line":268,"column":170}},"118":{"start":{"line":270,"column":2},"end":{"line":270,"column":68}},"119":{"start":{"line":271,"column":2},"end":{"line":271,"column":175}},"120":{"start":{"line":277,"column":0},"end":{"line":283,"column":2}},"121":{"start":{"line":278,"column":2},"end":{"line":278,"column":131}},"122":{"start":{"line":279,"column":2},"end":{"line":279,"column":61}},"123":{"start":{"line":280,"column":2},"end":{"line":280,"column":59}},"124":{"start":{"line":281,"column":2},"end":{"line":281,"column":33}},"125":{"start":{"line":282,"column":2},"end":{"line":282,"column":32}},"126":{"start":{"line":288,"column":0},"end":{"line":294,"column":2}},"127":{"start":{"line":289,"column":2},"end":{"line":289,"column":131}},"128":{"start":{"line":290,"column":2},"end":{"line":290,"column":61}},"129":{"start":{"line":291,"column":2},"end":{"line":291,"column":59}},"130":{"start":{"line":292,"column":2},"end":{"line":292,"column":34}},"131":{"start":{"line":293,"column":2},"end":{"line":293,"column":33}},"132":{"start":{"line":296,"column":0},"end":{"line":302,"column":1}},"133":{"start":{"line":299,"column":2},"end":{"line":299,"column":47}},"134":{"start":{"line":301,"column":2},"end":{"line":301,"column":90}},"135":{"start":{"line":303,"column":0},"end":{"line":303,"column":36}}},"branchMap":{"1":{"line":3,"type":"cond-expr","locations":[{"start":{"line":3,"column":78},"end":{"line":3,"column":81}},{"start":{"line":3,"column":84},"end":{"line":3,"column":102}}]},"2":{"line":3,"type":"binary-expr","locations":[{"start":{"line":3,"column":54},"end":{"line":3,"column":57}},{"start":{"line":3,"column":61},"end":{"line":3,"column":75}}]},"3":{"line":74,"type":"cond-expr","locations":[{"start":{"line":74,"column":37},"end":{"line":74,"column":68}},{"start":{"line":74,"column":71},"end":{"line":74,"column":80}}]},"4":{"line":77,"type":"if","locations":[{"start":{"line":77,"column":2},"end":{"line":77,"column":2}},{"start":{"line":77,"column":2},"end":{"line":77,"column":2}}]},"5":{"line":84,"type":"switch","locations":[{"start":{"line":87,"column":4},"end":{"line":91,"column":12}},{"start":{"line":94,"column":4},"end":{"line":113,"column":12}},{"start":{"line":115,"column":4},"end":{"line":117,"column":19}}]},"6":{"line":89,"type":"binary-expr","locations":[{"start":{"line":89,"column":20},"end":{"line":89,"column":32}},{"start":{"line":89,"column":36},"end":{"line":89,"column":38}}]},"7":{"line":90,"type":"binary-expr","locations":[{"start":{"line":90,"column":20},"end":{"line":90,"column":32}},{"start":{"line":90,"column":36},"end":{"line":90,"column":38}}]},"8":{"line":95,"type":"if","locations":[{"start":{"line":95,"column":6},"end":{"line":95,"column":6}},{"start":{"line":95,"column":6},"end":{"line":95,"column":6}}]},"9":{"line":107,"type":"cond-expr","locations":[{"start":{"line":107,"column":59},"end":{"line":107,"column":68}},{"start":{"line":107,"column":71},"end":{"line":107,"column":115}}]},"10":{"line":111,"type":"binary-expr","locations":[{"start":{"line":111,"column":28},"end":{"line":111,"column":40}},{"start":{"line":111,"column":44},"end":{"line":111,"column":48}}]},"11":{"line":159,"type":"if","locations":[{"start":{"line":159,"column":6},"end":{"line":159,"column":6}},{"start":{"line":159,"column":6},"end":{"line":159,"column":6}}]},"12":{"line":175,"type":"if","locations":[{"start":{"line":175,"column":2},"end":{"line":175,"column":2}},{"start":{"line":175,"column":2},"end":{"line":175,"column":2}}]},"13":{"line":178,"type":"if","locations":[{"start":{"line":178,"column":2},"end":{"line":178,"column":2}},{"start":{"line":178,"column":2},"end":{"line":178,"column":2}}]},"14":{"line":225,"type":"if","locations":[{"start":{"line":225,"column":2},"end":{"line":225,"column":2}},{"start":{"line":225,"column":2},"end":{"line":225,"column":2}}]},"15":{"line":261,"type":"if","locations":[{"start":{"line":261,"column":2},"end":{"line":261,"column":2}},{"start":{"line":261,"column":2},"end":{"line":261,"column":2}}]},"16":{"line":261,"type":"binary-expr","locations":[{"start":{"line":261,"column":6},"end":{"line":261,"column":11}},{"start":{"line":261,"column":15},"end":{"line":261,"column":35}}]},"17":{"line":296,"type":"if","locations":[{"start":{"line":296,"column":0},"end":{"line":296,"column":0}},{"start":{"line":296,"column":0},"end":{"line":296,"column":0}}]}},"code":["'use strict';","","var _interopRequireWildcard = function (obj) { return obj && obj.__esModule ? obj : { 'default': obj }; };","","Object.defineProperty(exports, '__esModule', {","  value: true","});","// SweetAlert","// 2014-2015 (c) - Tristan Edwards","// github.com/t4t5/sweetalert","","/*"," * jQuery-like functions for manipulating the DOM"," */","","var _hasClass$addClass$removeClass$escapeHtml$_show$show$_hide$hide$isDescendant$getTopMargin$fadeIn$fadeOut$fireClick$stopEventPropagation = require('./modules/handle-dom');","","/*"," * Handy utilities"," */","","var _extend$hexToRgb$isIE8$logStr$colorLuminance = require('./modules/utils');","","/*"," *  Handle sweetAlert's DOM elements"," */","","var _sweetAlertInitialize$getModal$getOverlay$getInput$setFocusStyle$openModal$resetInput$fixVerticalPosition = require('./modules/handle-swal-dom');","","// Handle button events and keyboard events","","var _handleButton$handleConfirm$handleCancel = require('./modules/handle-click');","","var _handleKeyDown = require('./modules/handle-key');","","var _handleKeyDown2 = _interopRequireWildcard(_handleKeyDown);","","// Default values","","var _defaultParams = require('./modules/default-params');","","var _defaultParams2 = _interopRequireWildcard(_defaultParams);","","var _setParameters = require('./modules/set-params');","","var _setParameters2 = _interopRequireWildcard(_setParameters);","","/*"," * Remember state in cases where opening and handling a modal will fiddle with it."," * (We also use window.previousActiveElement as a global variable)"," */","var previousWindowKeyDown;","var lastFocusedButton;","","/*"," * Global sweetAlert function"," * (this is what the user calls)"," */","var sweetAlert, swal;","","exports['default'] = sweetAlert = swal = function () {","  var customizations = arguments[0];","","  _hasClass$addClass$removeClass$escapeHtml$_show$show$_hide$hide$isDescendant$getTopMargin$fadeIn$fadeOut$fireClick$stopEventPropagation.addClass(document.body, 'stop-scrolling');","  _sweetAlertInitialize$getModal$getOverlay$getInput$setFocusStyle$openModal$resetInput$fixVerticalPosition.resetInput();","","  /*","   * Use argument if defined or default value from params object otherwise.","   * Supports the case where a default value is boolean true and should be","   * overridden by a corresponding explicit argument which is boolean false.","   */","  function argumentOrDefault(key) {","    var args = customizations;","    return args[key] === undefined ? _defaultParams2['default'][key] : args[key];","  }","","  if (customizations === undefined) {","    _extend$hexToRgb$isIE8$logStr$colorLuminance.logStr('SweetAlert expects at least 1 attribute!');","    return false;","  }","","  var params = _extend$hexToRgb$isIE8$logStr$colorLuminance.extend({}, _defaultParams2['default']);","","  switch (typeof customizations) {","","    // Ex: swal(\"Hello\", \"Just testing\", \"info\");","    case 'string':","      params.title = customizations;","      params.text = arguments[1] || '';","      params.type = arguments[2] || '';","      break;","","    // Ex: swal({ title:\"Hello\", text: \"Just testing\", type: \"info\" });","    case 'object':","      if (customizations.title === undefined) {","        _extend$hexToRgb$isIE8$logStr$colorLuminance.logStr('Missing \"title\" argument!');","        return false;","      }","","      params.title = customizations.title;","","      for (var customName in _defaultParams2['default']) {","        params[customName] = argumentOrDefault(customName);","      }","","      // Show \"Confirm\" instead of \"OK\" if cancel button is visible","      params.confirmButtonText = params.showCancelButton ? 'Confirm' : _defaultParams2['default'].confirmButtonText;","      params.confirmButtonText = argumentOrDefault('confirmButtonText');","","      // Callback function when clicking on \"OK\"/\"Cancel\"","      params.doneFunction = arguments[1] || null;","","      break;","","    default:","      _extend$hexToRgb$isIE8$logStr$colorLuminance.logStr('Unexpected type of argument! Expected \"string\" or \"object\", got ' + typeof customizations);","      return false;","","  }","","  _setParameters2['default'](params);","  _sweetAlertInitialize$getModal$getOverlay$getInput$setFocusStyle$openModal$resetInput$fixVerticalPosition.fixVerticalPosition();","  _sweetAlertInitialize$getModal$getOverlay$getInput$setFocusStyle$openModal$resetInput$fixVerticalPosition.openModal(arguments[1]);","","  // Modal interactions","  var modal = _sweetAlertInitialize$getModal$getOverlay$getInput$setFocusStyle$openModal$resetInput$fixVerticalPosition.getModal();","","  /*","   * Make sure all modal buttons respond to all events","   */","  var $buttons = modal.querySelectorAll('button');","  var buttonEvents = ['onclick', 'onmouseover', 'onmouseout', 'onmousedown', 'onmouseup', 'onfocus'];","  var onButtonEvent = function onButtonEvent(e) {","    return _handleButton$handleConfirm$handleCancel.handleButton(e, params, modal);","  };","","  for (var btnIndex = 0; btnIndex < $buttons.length; btnIndex++) {","    for (var evtIndex = 0; evtIndex < buttonEvents.length; evtIndex++) {","      var btnEvt = buttonEvents[evtIndex];","      $buttons[btnIndex][btnEvt] = onButtonEvent;","    }","  }","","  // Clicking outside the modal dismisses it (if allowed by user)","  _sweetAlertInitialize$getModal$getOverlay$getInput$setFocusStyle$openModal$resetInput$fixVerticalPosition.getOverlay().onclick = onButtonEvent;","","  previousWindowKeyDown = window.onkeydown;","","  var onKeyEvent = function onKeyEvent(e) {","    return _handleKeyDown2['default'](e, params, modal);","  };","  window.onkeydown = onKeyEvent;","","  window.onfocus = function () {","    // When the user has focused away and focused back from the whole window.","    setTimeout(function () {","      // Put in a timeout to jump out of the event sequence.","      // Calling focus() in the event sequence confuses things.","      if (lastFocusedButton !== undefined) {","        lastFocusedButton.focus();","        lastFocusedButton = undefined;","      }","    }, 0);","  };","","  // Show alert with enabled buttons always","  swal.enableButtons();","};","","/*"," * Set default params for each popup"," * @param {Object} userParams"," */","sweetAlert.setDefaults = swal.setDefaults = function (userParams) {","  if (!userParams) {","    throw new Error('userParams is required');","  }","  if (typeof userParams !== 'object') {","    throw new Error('userParams has to be a object');","  }","","  _extend$hexToRgb$isIE8$logStr$colorLuminance.extend(_defaultParams2['default'], userParams);","};","","/*"," * Animation when closing modal"," */","sweetAlert.close = swal.close = function () {","  var modal = _sweetAlertInitialize$getModal$getOverlay$getInput$setFocusStyle$openModal$resetInput$fixVerticalPosition.getModal();","","  _hasClass$addClass$removeClass$escapeHtml$_show$show$_hide$hide$isDescendant$getTopMargin$fadeIn$fadeOut$fireClick$stopEventPropagation.fadeOut(_sweetAlertInitialize$getModal$getOverlay$getInput$setFocusStyle$openModal$resetInput$fixVerticalPosition.getOverlay(), 5);","  _hasClass$addClass$removeClass$escapeHtml$_show$show$_hide$hide$isDescendant$getTopMargin$fadeIn$fadeOut$fireClick$stopEventPropagation.fadeOut(modal, 5);","  _hasClass$addClass$removeClass$escapeHtml$_show$show$_hide$hide$isDescendant$getTopMargin$fadeIn$fadeOut$fireClick$stopEventPropagation.removeClass(modal, 'showSweetAlert');","  _hasClass$addClass$removeClass$escapeHtml$_show$show$_hide$hide$isDescendant$getTopMargin$fadeIn$fadeOut$fireClick$stopEventPropagation.addClass(modal, 'hideSweetAlert');","  _hasClass$addClass$removeClass$escapeHtml$_show$show$_hide$hide$isDescendant$getTopMargin$fadeIn$fadeOut$fireClick$stopEventPropagation.removeClass(modal, 'visible');","","  /*","   * Reset icon animations","   */","  var $successIcon = modal.querySelector('.sa-icon.sa-success');","  _hasClass$addClass$removeClass$escapeHtml$_show$show$_hide$hide$isDescendant$getTopMargin$fadeIn$fadeOut$fireClick$stopEventPropagation.removeClass($successIcon, 'animate');","  _hasClass$addClass$removeClass$escapeHtml$_show$show$_hide$hide$isDescendant$getTopMargin$fadeIn$fadeOut$fireClick$stopEventPropagation.removeClass($successIcon.querySelector('.sa-tip'), 'animateSuccessTip');","  _hasClass$addClass$removeClass$escapeHtml$_show$show$_hide$hide$isDescendant$getTopMargin$fadeIn$fadeOut$fireClick$stopEventPropagation.removeClass($successIcon.querySelector('.sa-long'), 'animateSuccessLong');","","  var $errorIcon = modal.querySelector('.sa-icon.sa-error');","  _hasClass$addClass$removeClass$escapeHtml$_show$show$_hide$hide$isDescendant$getTopMargin$fadeIn$fadeOut$fireClick$stopEventPropagation.removeClass($errorIcon, 'animateErrorIcon');","  _hasClass$addClass$removeClass$escapeHtml$_show$show$_hide$hide$isDescendant$getTopMargin$fadeIn$fadeOut$fireClick$stopEventPropagation.removeClass($errorIcon.querySelector('.sa-x-mark'), 'animateXMark');","","  var $warningIcon = modal.querySelector('.sa-icon.sa-warning');","  _hasClass$addClass$removeClass$escapeHtml$_show$show$_hide$hide$isDescendant$getTopMargin$fadeIn$fadeOut$fireClick$stopEventPropagation.removeClass($warningIcon, 'pulseWarning');","  _hasClass$addClass$removeClass$escapeHtml$_show$show$_hide$hide$isDescendant$getTopMargin$fadeIn$fadeOut$fireClick$stopEventPropagation.removeClass($warningIcon.querySelector('.sa-body'), 'pulseWarningIns');","  _hasClass$addClass$removeClass$escapeHtml$_show$show$_hide$hide$isDescendant$getTopMargin$fadeIn$fadeOut$fireClick$stopEventPropagation.removeClass($warningIcon.querySelector('.sa-dot'), 'pulseWarningIns');","","  // Reset custom class (delay so that UI changes aren't visible)","  setTimeout(function () {","    var customClass = modal.getAttribute('data-custom-class');","    _hasClass$addClass$removeClass$escapeHtml$_show$show$_hide$hide$isDescendant$getTopMargin$fadeIn$fadeOut$fireClick$stopEventPropagation.removeClass(modal, customClass);","  }, 300);","","  // Make page scrollable again","  _hasClass$addClass$removeClass$escapeHtml$_show$show$_hide$hide$isDescendant$getTopMargin$fadeIn$fadeOut$fireClick$stopEventPropagation.removeClass(document.body, 'stop-scrolling');","","  // Reset the page to its previous state","  window.onkeydown = previousWindowKeyDown;","  if (window.previousActiveElement) {","    window.previousActiveElement.focus();","  }","  lastFocusedButton = undefined;","  clearTimeout(modal.timeout);","","  return true;","};","","/*"," * Validation of the input field is done by user"," * If something is wrong => call showInputError with errorMessage"," */","sweetAlert.showInputError = swal.showInputError = function (errorMessage) {","  var modal = _sweetAlertInitialize$getModal$getOverlay$getInput$setFocusStyle$openModal$resetInput$fixVerticalPosition.getModal();","","  var $errorIcon = modal.querySelector('.sa-input-error');","  _hasClass$addClass$removeClass$escapeHtml$_show$show$_hide$hide$isDescendant$getTopMargin$fadeIn$fadeOut$fireClick$stopEventPropagation.addClass($errorIcon, 'show');","","  var $errorContainer = modal.querySelector('.sa-error-container');","  _hasClass$addClass$removeClass$escapeHtml$_show$show$_hide$hide$isDescendant$getTopMargin$fadeIn$fadeOut$fireClick$stopEventPropagation.addClass($errorContainer, 'show');","","  $errorContainer.querySelector('p').innerHTML = errorMessage;","","  setTimeout(function () {","    sweetAlert.enableButtons();","  }, 1);","","  modal.querySelector('input').focus();","};","","/*"," * Reset input error DOM elements"," */","sweetAlert.resetInputError = swal.resetInputError = function (event) {","  // If press enter => ignore","  if (event && event.keyCode === 13) {","    return false;","  }","","  var $modal = _sweetAlertInitialize$getModal$getOverlay$getInput$setFocusStyle$openModal$resetInput$fixVerticalPosition.getModal();","","  var $errorIcon = $modal.querySelector('.sa-input-error');","  _hasClass$addClass$removeClass$escapeHtml$_show$show$_hide$hide$isDescendant$getTopMargin$fadeIn$fadeOut$fireClick$stopEventPropagation.removeClass($errorIcon, 'show');","","  var $errorContainer = $modal.querySelector('.sa-error-container');","  _hasClass$addClass$removeClass$escapeHtml$_show$show$_hide$hide$isDescendant$getTopMargin$fadeIn$fadeOut$fireClick$stopEventPropagation.removeClass($errorContainer, 'show');","};","","/*"," * Disable confirm and cancel buttons"," */","sweetAlert.disableButtons = swal.disableButtons = function (event) {","  var modal = _sweetAlertInitialize$getModal$getOverlay$getInput$setFocusStyle$openModal$resetInput$fixVerticalPosition.getModal();","  var $confirmButton = modal.querySelector('button.confirm');","  var $cancelButton = modal.querySelector('button.cancel');","  $confirmButton.disabled = true;","  $cancelButton.disabled = true;","};","","/*"," * Enable confirm and cancel buttons"," */","sweetAlert.enableButtons = swal.enableButtons = function (event) {","  var modal = _sweetAlertInitialize$getModal$getOverlay$getInput$setFocusStyle$openModal$resetInput$fixVerticalPosition.getModal();","  var $confirmButton = modal.querySelector('button.confirm');","  var $cancelButton = modal.querySelector('button.cancel');","  $confirmButton.disabled = false;","  $cancelButton.disabled = false;","};","","if (typeof window !== 'undefined') {","  // The 'handle-click' module requires","  // that 'sweetAlert' was set as global.","  window.sweetAlert = window.swal = sweetAlert;","} else {","  _extend$hexToRgb$isIE8$logStr$colorLuminance.logStr('SweetAlert is a frontend module!');","}","module.exports = exports['default'];"],"l":{"3":9,"5":3,"16":3,"22":3,"28":3,"32":3,"34":3,"36":3,"40":3,"42":3,"44":3,"46":3,"52":3,"53":3,"59":3,"61":3,"62":0,"64":0,"65":0,"72":1,"73":0,"74":0,"77":0,"78":0,"79":0,"82":0,"84":0,"88":0,"89":0,"90":0,"91":0,"95":0,"96":0,"97":0,"100":0,"102":0,"103":0,"107":0,"108":0,"111":0,"113":0,"116":0,"117":0,"121":0,"122":0,"123":0,"126":0,"131":0,"132":0,"133":0,"134":0,"137":0,"138":0,"139":0,"140":0,"145":0,"147":0,"149":0,"150":0,"152":0,"154":0,"156":0,"159":0,"160":0,"161":0,"167":0,"174":3,"175":0,"176":0,"178":0,"179":0,"182":0,"188":3,"189":0,"191":0,"192":0,"193":0,"194":0,"195":0,"200":0,"201":0,"202":0,"203":0,"205":0,"206":0,"207":0,"209":0,"210":0,"211":0,"212":0,"215":0,"216":0,"217":0,"221":0,"224":0,"225":0,"226":0,"228":0,"229":0,"231":0,"238":3,"239":0,"241":0,"242":0,"244":0,"245":0,"247":0,"249":0,"250":0,"253":0,"259":3,"261":0,"262":0,"265":0,"267":0,"268":0,"270":0,"271":0,"277":3,"278":0,"279":0,"280":0,"281":0,"282":0,"288":3,"289":0,"290":0,"291":0,"292":0,"293":0,"296":3,"299":0,"301":3,"303":0}},"/home/travis/build/npmtest/node-npmtest-sweetalert/node_modules/sweetalert/lib/modules/handle-dom.js":{"path":"/home/travis/build/npmtest/node-npmtest-sweetalert/node_modules/sweetalert/lib/modules/handle-dom.js","s":{"1":1,"2":1,"3":0,"4":1,"5":0,"6":0,"7":1,"8":0,"9":0,"10":0,"11":0,"12":0,"13":1,"14":0,"15":0,"16":0,"17":1,"18":0,"19":0,"20":1,"21":0,"22":0,"23":0,"24":0,"25":1,"26":0,"27":0,"28":1,"29":0,"30":0,"31":0,"32":0,"33":1,"34
[...]
":55,"column":2}},{"start":{"line":55,"column":2},"end":{"line":55,"column":2}}]},"7":{"line":55,"type":"binary-expr","locations":[{"start":{"line":55,"column":6},"end":{"line":55,"column":17}},{"start":{"line":55,"column":21},"end":{"line":55,"column":36}}]},"8":{"line":61,"type":"if","locations":[{"start":{"line":61,"column":8},"end":{"line":61,"column":8}},{"start":{"line":61,"column":8},"end":{"line":61,"column":8}}]},"9":{"line":67,"type":"if","locations":[{"start":{"line":67,"column":6},"end":{"line":67,"column":6}},{"start":{"line":67,"column":6},"end":{"line":67,"column":6}}]},"10":{"line":77,"type":"if","locations":[{"start":{"line":77,"column":6},"end":{"line":77,"column":6}},{"start":{"line":77,"column":6},"end":{"line":77,"column":6}}]},"11":{"line":85,"type":"switch","locations":[{"start":{"line":87,"column":8},"end":{"line":91,"column":16}},{"start":{"line":93,"column":8},"end":{"line":96,"column":16}},{"start":{"line":98,"column":8},"end":{"line":102,"column":16}},{"start":{"line":104,"column":8},"end":{"line":104,"column":21}},{"start":{"line":105,"column":8},"end":{"line":114,"column":16}}]},"12":{"line":118,"type":"if","locations":[{"start":{"line":118,"column":4},"end":{"line":118,"column":4}},{"start":{"line":118,"column":4},"end":{"line":118,"column":4}}]},"13":{"line":126,"type":"if","locations":[{"start":{"line":126,"column":2},"end":{"line":126,"column":2}},{"start":{"line":126,"column":2},"end":{"line":126,"column":2}}]},"14":{"line":135,"type":"if","locations":[{"start":{"line":135,"column":4},"end":{"line":135,"column":4}},{"start":{"line":135,"column":4},"end":{"line":135,"column":4}}]},"15":{"line":140,"type":"if","locations":[{"start":{"line":140,"column":6},"end":{"line":140,"column":6}},{"start":{"line":140,"column":6},"end":{"line":140,"column":6}}]},"16":{"line":140,"type":"binary-expr","locations":[{"start":{"line":140,"column":10},"end":{"line":140,"column":19}},{"start":{"line":140,"column":23},"end":{"line":140,"column":33}}]},"17":{"line":155,"type":"if","locations":[{"start":{"line":155,"column":2},"end":{"line":155,"column":2}},{"start":{"line":155,"column":2},"end":{"line":155,"column":2}}]},"18":{"line":165,"type":"if","locations":[{"start":{"line":165,"column":2},"end":{"line":165,"column":2}},{"start":{"line":165,"column":2},"end":{"line":165,"column":2}}]},"19":{"line":174,"type":"if","locations":[{"start":{"line":174,"column":2},"end":{"line":174,"column":2}},{"start":{"line":174,"column":2},"end":{"line":174,"column":2}}]},"20":{"line":177,"type":"if","locations":[{"start":{"line":177,"column":2},"end":{"line":177,"column":2}},{"start":{"line":177,"column":2},"end":{"line":177,"column":2}}]},"21":{"line":184,"type":"if","locations":[{"start":{"line":184,"column":2},"end":{"line":184,"column":2}},{"start":{"line":184,"column":2},"end":{"line":184,"column":2}}]},"22":{"line":204,"type":"cond-expr","locations":[{"start":{"line":204,"column":46},"end":{"line":204,"column":50}},{"start":{"line":204,"column":53},"end":{"line":204,"column":58}}]},"23":{"line":210,"type":"if","locations":[{"start":{"line":210,"column":2},"end":{"line":210,"column":2}},{"start":{"line":210,"column":2},"end":{"line":210,"column":2}}]},"24":{"line":212,"type":"if","locations":[{"start":{"line":212,"column":9},"end":{"line":212,"column":9}},{"start":{"line":212,"column":9},"end":{"line":212,"column":9}}]}},"code":["'use strict';","","Object.defineProperty(exports, '__esModule', {","  value: true","});","","var _isIE8 = require('./utils');","","var _getModal$getInput$setFocusStyle = require('./handle-swal-dom');","","var _hasClass$addClass$removeClass$escapeHtml$_show$show$_hide$hide = require('./handle-dom');","","var alertTypes = ['error', 'warning', 'info', 'success', 'input', 'prompt'];","","/*"," * Set type, text and actions on modal"," */","var setParameters = function setParameters(params) {","  var modal = _getModal$getInput$setFocusStyle.getModal();","","  var $title = modal.querySelector('h2');","  var $text = modal.querySelector('p');","  var $cancelBtn = modal.querySelector('button.cancel');","  var $confirmBtn = modal.querySelector('button.confirm');","","  /*","   * Title","   */","  $title.innerHTML = params.html ? params.title : _hasClass$addClass$removeClass$escapeHtml$_show$show$_hide$hide.escapeHtml(params.title).split('\\n').join('<br>');","","  /*","   * Text","   */","  $text.innerHTML = params.html ? params.text : _hasClass$addClass$removeClass$escapeHtml$_show$show$_hide$hide.escapeHtml(params.text || '').split('\\n').join('<br>');","  if (params.text) _hasClass$addClass$removeClass$escapeHtml$_show$show$_hide$hide.show($text);","","  /*","   * Custom class","   */","  if (params.customClass) {","    _hasClass$addClass$removeClass$escapeHtml$_show$show$_hide$hide.addClass(modal, params.customClass);","    modal.setAttribute('data-custom-class', params.customClass);","  } else {","    // Find previously set classes and remove them","    var customClass = modal.getAttribute('data-custom-class');","    _hasClass$addClass$removeClass$escapeHtml$_show$show$_hide$hide.removeClass(modal, customClass);","    modal.setAttribute('data-custom-class', '');","  }","","  /*","   * Icon","   */","  _hasClass$addClass$removeClass$escapeHtml$_show$show$_hide$hide.hide(modal.querySelectorAll('.sa-icon'));","","  if (params.type && !_isIE8.isIE8()) {","    var _ret = (function () {","","      var validType = false;","","      for (var i = 0; i < alertTypes.length; i++) {","        if (params.type === alertTypes[i]) {","          validType = true;","          break;","        }","      }","","      if (!validType) {","        logStr('Unknown alert type: ' + params.type);","        return {","          v: false","        };","      }","","      var typesWithIcons = ['success', 'error', 'warning', 'info'];","      var $icon = undefined;","","      if (typesWithIcons.indexOf(params.type) !== -1) {","        $icon = modal.querySelector('.sa-icon.' + 'sa-' + params.type);","        _hasClass$addClass$removeClass$escapeHtml$_show$show$_hide$hide.show($icon);","      }","","      var $input = _getModal$getInput$setFocusStyle.getInput();","","      // Animate icon","      switch (params.type) {","","        case 'success':","          _hasClass$addClass$removeClass$escapeHtml$_show$show$_hide$hide.addClass($icon, 'animate');","          _hasClass$addClass$removeClass$escapeHtml$_show$show$_hide$hide.addClass($icon.querySelector('.sa-tip'), 'animateSuccessTip');","          _hasClass$addClass$removeClass$escapeHtml$_show$show$_hide$hide.addClass($icon.querySelector('.sa-long'), 'animateSuccessLong');","          break;","","        case 'error':","          _hasClass$addClass$removeClass$escapeHtml$_show$show$_hide$hide.addClass($icon, 'animateErrorIcon');","          _hasClass$addClass$removeClass$escapeHtml$_show$show$_hide$hide.addClass($icon.querySelector('.sa-x-mark'), 'animateXMark');","          break;","","        case 'warning':","          _hasClass$addClass$removeClass$escapeHtml$_show$show$_hide$hide.addClass($icon, 'pulseWarning');","          _hasClass$addClass$removeClass$escapeHtml$_show$show$_hide$hide.addClass($icon.querySelector('.sa-body'), 'pulseWarningIns');","          _hasClass$addClass$removeClass$escapeHtml$_show$show$_hide$hide.addClass($icon.querySelector('.sa-dot'), 'pulseWarningIns');","          break;","","        case 'input':","        case 'prompt':","          $input.setAttribute('type', params.inputType);","          $input.value = params.inputValue;","          $input.setAttribute('placeholder', params.inputPlaceholder);","          _hasClass$addClass$removeClass$escapeHtml$_show$show$_hide$hide.addClass(modal, 'show-input');","          setTimeout(function () {","            $input.focus();","            $input.addEventListener('keyup', swal.resetInputError);","          }, 400);","          break;","      }","    })();","","    if (typeof _ret === 'object') {","      return _ret.v;","    }","  }","","  /*","   * Custom image","   */","  if (params.imageUrl) {","    var $customIcon = modal.querySelector('.sa-icon.sa-custom');","","    $customIcon.style.backgroundImage = 'url(' + params.imageUrl + ')';","    _hasClass$addClass$removeClass$escapeHtml$_show$show$_hide$hide.show($customIcon);","","    var _imgWidth = 80;","    var _imgHeight = 80;","","    if (params.imageSize) {","      var dimensions = params.imageSize.toString().split('x');","      var imgWidth = dimensions[0];","      var imgHeight = dimensions[1];","","      if (!imgWidth || !imgHeight) {","        logStr('Parameter imageSize expects value with format WIDTHxHEIGHT, got ' + params.imageSize);","      } else {","        _imgWidth = imgWidth;","        _imgHeight = imgHeight;","      }","    }","","    $customIcon.setAttribute('style', $customIcon.getAttribute('style') + 'width:' + _imgWidth + 'px; height:' + _imgHeight + 'px');","  }","","  /*","   * Show cancel button?","   */","  modal.setAttribute('data-has-cancel-button', params.showCancelButton);","  if (params.showCancelButton) {","    $cancelBtn.style.display = 'inline-block';","  } else {","    _hasClass$addClass$removeClass$escapeHtml$_show$show$_hide$hide.hide($cancelBtn);","  }","","  /*","   * Show confirm button?","   */","  modal.setAttribute('data-has-confirm-button', params.showConfirmButton);","  if (params.showConfirmButton) {","    $confirmBtn.style.display = 'inline-block';","  } else {","    _hasClass$addClass$removeClass$escapeHtml$_show$show$_hide$hide.hide($confirmBtn);","  }","","  /*","   * Custom text on cancel/confirm buttons","   */","  if (params.cancelButtonText) {","    $cancelBtn.innerHTML = _hasClass$addClass$removeClass$escapeHtml$_show$show$_hide$hide.escapeHtml(params.cancelButtonText);","  }","  if (params.confirmButtonText) {","    $confirmBtn.innerHTML = _hasClass$addClass$removeClass$escapeHtml$_show$show$_hide$hide.escapeHtml(params.confirmButtonText);","  }","","  /*","   * Custom color on confirm button","   */","  if (params.confirmButtonColor) {","    // Set confirm button to selected background color","    $confirmBtn.style.backgroundColor = params.confirmButtonColor;","","    // Set the confirm button color to the loading ring","    $confirmBtn.style.borderLeftColor = params.confirmLoadingButtonColor;","    $confirmBtn.style.borderRightColor = params.confirmLoadingButtonColor;","","    // Set box-shadow to default focused button","    _getModal$getInput$setFocusStyle.setFocusStyle($confirmBtn, params.confirmButtonColor);","  }","","  /*","   * Allow outside click","   */","  modal.setAttribute('data-allow-outside-click', params.allowOutsideClick);","","  /*","   * Callback function","   */","  var hasDoneFunction = params.doneFunction ? true : false;","  modal.setAttribute('data-has-done-function', hasDoneFunction);","","  /*","   * Animation","   */","  if (!params.animation) {","    modal.setAttribute('data-animation', 'none');","  } else if (typeof params.animation === 'string') {","    modal.setAttribute('data-animation', params.animation); // Custom animation","  } else {","    modal.setAttribute('data-animation', 'pop');","  }","","  /*","   * Timer","   */","  modal.setAttribute('data-timer', params.timer);","};","","exports['default'] = setParameters;","module.exports = exports['default'];"],"l":{"3":1,"7":1,"9":1,"11":1,"13":1,"18":1,"19":0,"21":0,"22":0,"23":0,"24":0,"29":0,"34":0,"35":0,"40":0,"41":0,"42":0,"45":0,"46":0,"47":0,"53":0,"55":0,"56":0,"58":0,"60":0,"61":0,"62":0,"63":0,"67":0,"68":0,"69":0,"74":0,"75":0,"77":0,"78":0,"79":0,"82":0,"85":0,"88":0,"89":0,"90":0,"91":0,"94":0,"95":0,"96":0,"99":0,"100":0,"101":0,"102":0,"106":0,"107":0,"108":0,"109":0,"110":0,"111":0,"112":0,"114":0,"118":0,"119":0,"126":0,"127":0,"129":0,"130":0,"132":0,"133":0,"135":0,"136":0,"137":0,"138":0,"140":0,"141":0,"143":0,"144":0,"148":0,"154":0,"155":0,"156":0,"158":0,"164":0,"165":0,"166":0,"168":0,"174":0,"175":0,"177":0,"178":0,"184":0,"186":0,"189":0,"190":0,"193":0,"199":0,"204":0,"205":0,"210":0,"211":0,"212":0,"213":0,"215":0,"221":0,"224":1,"225":1}},"/home/travis/build/npmtest/node-npmtest-sweetalert/node_modules/sweetalert/gulpfile.js":{"path":"/home/travis/build/npmtest/node-npmtest-sweetalert/node_modules/sweetalert/gulpfile.js","s":{"1":2,"2":0,"3":0,"4":0,"5":0,"6":0,"7":0,"8":0,"9":0,"10":0,"11":0,"12":0,"13":0,"14":0,"15":0,"16":0,"17":0,"18":0,"19":0,"20":0,"21":0,"22":0,"23":0,"24":0,"25":0,"26":0,"27":0,"28":0,"29":0,"30":0,"31":0,"32":0,"33":0,"34":0,"35":0,"36":0,"37":0,"38":0,"39":0,"40":0,"41":0},"b":{},"f":{"1":0,"2":0,"3":0,"4":0,"5":0,"6":0,"7":0,"8":0,"9":0,"10":0},"fnMap":{"1":{"name":"(anonymous_1)","line":20,"loc":{"start":{"line":20,"column":18},"end":{"line":20,"column":29}}},"2":{"name":"(anonymous_2)","line":31,"loc":{"start":{"line":31,"column":18},"end":{"line":31,"column":29}}},"3":{"name":"(anonymous_3)","line":47,"loc":{"start":{"line":47,"column":39},"end":{"line":47,"column":58}}},"4":{"name":"(anonymous_4)","line":51,"loc":{"start":{"line":51,"column":15},"end":{"line":51,"column":30}}},"5":{"name":"(anonymous_5)","line":52,"loc":{"start":{"line":52,"column":29},"end":{"line":52,"column":40}}},"6":{"name":"(anonymous_6)","line":60,"loc":{"start":{"line":60,"column":31},"end":{"line":60,"column":45}}},"7":{"name":"(anonymous_7)","line":63,"loc":{"start":{"line":63,"column":22},"end":{"line":63,"column":33}}},"8":{"name":"(anonymous_8)","line":74,"loc":{"start":{"line":74,"column":21},"end":{"line":74,"column":32}}},"9":{"name":"(anonymous_9)","line":93,"loc":{"start":{"line":93,"column":18},"end":{"line":93,"column":29}}},"10":{"name":"(anonymous_10)","line":101,"loc":{"start":{"line":101,"column":19},"end":{"line":101,"column":30}}}},"statementMap":{"1":{"start":{"line":1,"column":0},"end":{"line":1,"column":27}},"2":{"start":{"line":3,"column":0},"end":{"line":3,"column":33}},"3":{"start":{"line":4,"column":0},"end":{"line":4,"column":33}},"4":{"start":{"line":5,"column":0},"end":{"line":5,"column":40}},"5":{"start":{"line":6,"column":0},"end":{"line":6,"column":38}},"6":{"start":{"line":7,"column":0},"end":{"line":7,"column":40}},"7":{"start":{"line":8,"column":0},"end":{"line":8,"column":40}},"8":{"start":{"line":9,"column":0},"end":{"line":9,"column":40}},"9":{"start":{"line":10,"column":0},"end":{"line":10,"column":44}},"10":{"start":{"line":11,"column":0},"end":{"line":11,"column":37}},"11":{"start":{"line":12,"column":0},"end":{"line":12,"column":39}},"12":{"start":{"line":13,"column":0},"end":{"line":13,"column":48}},"13":{"start":{"line":14,"column":0},"end":{"line":14,"column":41}},"14":{"start":{"line":15,"column":0},"end":{"line":15,"column":38}},"15":{"start":{"line":16,"column":0},"end":{"line":16,"column":39}},"16":{"start":{"line":17,"column":0},"end":{"line":17,"column":39}},"17":{"start":{"line":20,"column":0},"end":{"line":28,"column":3}},"18":{"start":{"line":21,"column":2},"end":{"line":23,"column":38}},"19":{"start":{"line":25,"column":2},"end":{"line":27,"column":38}},"20":{"start":{"line":31,"column":0},"end":{"line":43,"column":3}},"21":{"start":{"line":33,"column":2},"end":{"line":36,"column":32}},"22":{"start":{"line":39,"column":2},"end":{"line":42,"column":29}},"23":{"start":{"line":47,"column":0},"end":{"line":49,"column":3}},"24":{"start":{"line":48,"column":2},"end":{"line":48,"column":33}},"25":{"start":{"line":51,"column":0},"end":{"line":58,"column":3}},"26":{"start":{"line":52,"column":2},"end":{"line":57,"column":5}},"27":{"start":{"line":53,"column":4},"end":{"line":56,"column":40}},"28":{"start":{"line":60,"column":0},"end":{"line":60,"column":75}},"29":{"start":{"line":60,"column":47},"end":{"line":60,"column":70}},"30":{"start":{"line":63,"column":0},"end":{"line":71,"column":3}},"31":{"start":{"line":64,"column":2},"end":{"line":67,"column":28}},"32":{"start":{"line":68,"column":2},"end":{"line":70,"column":36}},"33":{"start":{"line":74,"column":0},"end":{"line":91,"column":3}},"34":{"start":{"line":75,"column":2},"end":{"line":90,"column":29}},"35":{"start":{"line":93,"column":0},"end":{"line":98,"column":3}},"36":{"start":{"line":94,"column":2},"end":{"line":97,"column":8}},"37":{"start":{"line":101,"column":0},"end":{"line":105,"column":3}},"38":{"start":{"line":102,"column":2},"end":{"line":102,"column":62}},"39":{"start":{"line":103,"column":2},"end":{"line":103,"column":52}},"40":{"start":{"line":104,"column":2},"end":{"line":104,"column":44}},"41":{"start":{"line":108,"column":0},"end":{"line":108,"column":79}}},"branchMap":{},"code":["var gulp = require('gulp');","","var glob       = require('glob');","var path       = require('path');","var jshint     = require('gulp-jshint');","var sass       = require('gulp-sass');","var concat     = require('gulp-concat');","var uglify     = require('gulp-uglify');","var rename     = require('gulp-rename');","var minifyCSS  = require('gulp-minify-css');","var babelify   = require('babelify');","var browserify = require('browserify');","var source     = require('vinyl-source-stream');","var buffer     = require('vinyl-buffer');","var wrap       = require('gulp-wrap');","var qunit      = require('gulp-qunit');","var babel      = require('gulp-babel');","","// Lint Task","gulp.task('lint', function() {","  gulp.src('dev/sweetalert.es6.js')","    .pipe(jshint())","    .pipe(jshint.reporter('default'));","","  return gulp.src('dev/*/*.js')","    .pipe(jshint())","    .pipe(jshint.reporter('default'));","});","","// Compile Our Sass","gulp.task('sass', function() {","","  gulp.src('example/example.scss')","    .pipe(sass())","    .pipe(rename('example.css'))","    .pipe(gulp.dest('example'));","","  // (We don't use minifyCSS since it breaks the ie9 file for some reason)","  gulp.src(['dev/sweetalert.scss', 'dev/ie9.css', 'dev/loader-animation.css'])","    .pipe(sass())","    .pipe(concat('sweetalert.css'))","    .pipe(gulp.dest('dist'));","});","","","// Compile theme CSS","var themes = glob.sync('themes/*').map(function(themeDir) {","  return path.basename(themeDir);","});","","themes.forEach(function(name) {","  gulp.task(name + '-theme', function() {","    return gulp.src('themes/' + name + '/' + name + '.scss')","      .pipe(sass()) // etc","      .pipe(rename(name + '.css'))","      .pipe(gulp.dest('themes/' + name))","  });","});","","gulp.task('themes', themes.map(function(name){ return name + '-theme'; }));","","// Compile ES5 CommonJS entry point","gulp.task('commonjs', function() {","  gulp.src('./dev/sweetalert.es6.js')","    .pipe(babel())","    .pipe(rename('sweetalert.js'))","    .pipe(gulp.dest('lib'));","  gulp.src('./dev/modules/*.js')","    .pipe(babel())","    .pipe(gulp.dest('lib/modules'));","});","","// Concatenate & Minify JS","gulp.task('scripts', function() {","  return browserify({","      entries: './dev/sweetalert.es6.js',","      debug: true","    })","    .transform(babelify)","    .bundle()","    .pipe(source('sweetalert-dev.js'))","    .pipe(wrap({","      src: './dev/gulpfile-wrap-template.js'","    }))","    .pipe(gulp.dest('dist')) // Developer version","","    .pipe(rename('sweetalert.min.js'))","    .pipe(buffer())","    .pipe(uglify())","    .pipe(gulp.dest('dist')); // User version","});","","gulp.task('test', function() {","  return gulp.src('./test/index.html')","    .pipe(qunit({","      timeout: 20","    }));","});","","// Watch Files For Changes","gulp.task('watch', function() {","  gulp.watch(['dev/*.js', 'dev/*/*.js'], ['lint', 'scripts']);","  gulp.watch(['dev/*.scss', 'dev/*.css'], ['sass']);","  gulp.watch('themes/*/*.scss', ['themes']);","});","","// Default Task","gulp.task('default', ['lint', 'sass', 'scripts', 'commonjs', 'watch', 'test']);",""],"l":{"1":2,"3":0,"4":0,"5":0,"6":0,"7":0,"8":0,"9":0,"10":0,"11":0,"12":0,"13":0,"14":0,"15":0,"16":0,"17":0,"20":0,"21":0,"25":0,"31":0,"33":0,"39":0,"47":0,"48":0,"51":0,"52":0,"53":0,"60":0,"63":0,"64":0,"68":0,"74":0,"75":0,"93":0,"94":0,"101":0,"102":0,"103":0,"104":0,"108":0}}}